epoch,MAE,loss,val_MAE,val_loss
0,298.9233093261719,266398.78125,122.79407501220703,117527.578125
1,92.44810485839844,98561.6875,90.69247436523438,95677.90625
2,69.3159408569336,82474.625,73.54480743408203,79003.484375
3,62.631004333496094,64551.30078125,73.12818908691406,57236.47265625
4,54.2923469543457,41658.484375,51.87528991699219,31248.224609375
5,46.0339241027832,19226.798828125,42.08681106567383,11045.7197265625
6,38.000579833984375,5473.169921875,33.96220397949219,2507.04052734375
7,28.253555297851562,1457.376220703125,22.743488311767578,944.2759399414062
8,18.406585693359375,639.5985717773438,13.802421569824219,444.5576171875
9,10.52064037322998,274.34515380859375,7.037886619567871,190.07089233398438
10,5.247226715087891,115.35443878173828,4.999807357788086,104.9554672241211
11,2.6466143131256104,52.30991744995117,1.7981541156768799,36.37333679199219
12,1.6830106973648071,24.500444412231445,0.9152230024337769,13.246479988098145
13,1.1870595216751099,12.89466667175293,0.6743735671043396,5.615522384643555
14,0.9139909148216248,7.639469146728516,0.351261705160141,2.2051451206207275
15,0.7267234325408936,4.665335178375244,0.3944720923900604,1.3012832403182983
16,0.570529043674469,3.070993185043335,0.27341267466545105,0.6403322219848633
17,0.5057786703109741,2.241468906402588,0.1335662454366684,0.349018931388855
18,0.5596885681152344,1.8342125415802002,0.07510485500097275,0.18644721806049347
19,0.43003350496292114,1.159902572631836,2.6712379455566406,7.838128566741943
20,0.4922340512275696,1.127035140991211,0.5866680145263672,0.4432379901409149
21,0.4724879860877991,0.8292599320411682,0.9108545184135437,0.9398471117019653
22,0.542955219745636,0.8163309693336487,0.07199548184871674,0.025373052805662155
23,0.4798600375652313,0.7841674089431763,0.3191147446632385,0.1534309983253479
24,0.4783291518688202,0.6416915059089661,1.4353612661361694,2.3402740955352783
25,0.4362407922744751,0.799302339553833,0.09250615537166595,0.012596081010997295
26,0.4217696487903595,0.5935959815979004,0.0932345911860466,0.014437563717365265
27,0.4868585169315338,0.650741457939148,0.8477063775062561,0.7797446846961975
28,0.4778269827365875,0.6375250816345215,0.20696645975112915,0.0698191300034523
29,0.456641286611557,0.7886785268783569,0.7149775624275208,0.604261040687561
30,0.4261937737464905,0.5414053797721863,0.23358683288097382,0.061663709580898285
31,0.5050702691078186,0.6192954778671265,0.8006900548934937,0.9747722744941711
32,0.44297683238983154,0.6214230060577393,0.058962538838386536,0.005765927489846945
33,0.4404605031013489,0.6261152029037476,0.17469708621501923,0.04912147298455238
34,0.5202932357788086,0.6577578186988831,0.33563995361328125,0.17549104988574982
35,0.5236108899116516,0.6637672185897827,0.030393848195672035,0.001937273540534079
36,0.46427375078201294,0.565831184387207,0.07285763323307037,0.008576428517699242
37,0.50545334815979,0.6123697757720947,0.33522021770477295,0.15693989396095276
38,0.4374077320098877,0.6899772882461548,0.23576095700263977,0.06849147379398346
39,0.5094568729400635,0.6355806589126587,0.1104162335395813,0.01598788984119892
40,0.4360656440258026,0.512911319732666,0.6532758474349976,0.44323158264160156
41,0.4466356039047241,0.6662284135818481,0.4637358486652374,0.22871288657188416
42,0.4635722041130066,0.7048377990722656,0.41187527775764465,0.2914016842842102
43,0.4981710910797119,0.5727047920227051,0.2470739334821701,0.0940561518073082
44,0.5509937405586243,0.6263570785522461,0.7127329707145691,0.53361976146698
45,0.5161999464035034,0.6214596033096313,2.135772466659546,5.529333114624023
46,0.4450860917568207,0.559687077999115,0.13462437689304352,0.021229170262813568
47,0.4274778664112091,0.6158515810966492,0.15626929700374603,0.031748928129673004
48,0.5095330476760864,0.6469312310218811,0.4594607651233673,0.3589867949485779
49,0.45481646060943604,0.6050997376441956,0.5428476929664612,0.39870738983154297
50,0.4850117862224579,0.565455973148346,1.2692698240280151,1.858275055885315
51,0.4622388780117035,0.6120279431343079,0.3463456332683563,0.12563860416412354
52,0.38776472210884094,0.6892566084861755,0.1277104765176773,0.028633221983909607
53,0.46316248178482056,0.6348869800567627,0.19166429340839386,0.045032694935798645
54,0.4478704333305359,0.6533360481262207,0.579497218132019,0.3752978444099426
55,0.49454355239868164,0.6714174151420593,0.34922194480895996,0.1603318303823471
56,0.4407602548599243,0.5971155166625977,0.05553442984819412,0.00513421418145299
57,0.5018391609191895,0.6001225709915161,0.7696388959884644,0.7879241108894348
58,0.4555337131023407,0.5713050961494446,2.03389835357666,4.373569011688232
59,0.4691617786884308,0.6659027934074402,1.132356882095337,1.7751206159591675
60,0.486209899187088,0.7220982909202576,0.13452231884002686,0.02364952862262726
61,0.4478123188018799,0.4908922612667084,0.4857237637042999,0.2690860331058502
62,0.4550412893295288,0.6839439868927002,0.03663983568549156,0.0027796209324151278
63,0.4879360496997833,0.579746425151825,1.3270519971847534,1.8771799802780151
64,0.5088914632797241,0.6256071329116821,0.18533433973789215,0.0487198606133461
65,0.5107755064964294,0.6632543802261353,0.07913222163915634,0.00983626302331686
66,0.391200453042984,0.5244136452674866,0.33975329995155334,0.17507754266262054
67,0.4933771789073944,0.6778736710548401,0.04653325304389,0.0038624831940978765
68,0.48216721415519714,0.5678016543388367,0.18053339421749115,0.05445261672139168
69,0.4681926369667053,0.5538172125816345,0.20048196613788605,0.0625099316239357
70,0.4821792244911194,0.6297320127487183,1.057375431060791,1.2355773448944092
71,0.4519212543964386,0.700726330280304,0.2823772430419922,0.0978299230337143
72,0.47169557213783264,0.5948200821876526,0.14270330965518951,0.030333207920193672
73,0.46734297275543213,0.6467759013175964,0.6909381747245789,0.5319535136222839
74,0.4522128403186798,0.6459261775016785,2.520482063293457,6.705028533935547
75,0.4475594460964203,0.7097407579421997,1.293343186378479,2.087615489959717
76,0.4634484648704529,0.5190352201461792,0.29701346158981323,0.10403372347354889
77,0.49891194701194763,0.6447226405143738,1.0912779569625854,1.6127177476882935
78,0.43800416588783264,0.6300178170204163,0.18413060903549194,0.04239528626203537
79,0.4132258892059326,0.5754473209381104,2.499553918838501,6.392035484313965
80,0.4359372556209564,0.6577004194259644,0.548669159412384,0.4494953453540802
81,0.4634198248386383,0.6107261180877686,0.7398630380630493,0.6803815364837646
82,0.48588836193084717,0.6012237071990967,0.0775223895907402,0.009201101958751678
83,0.4864378869533539,0.5986180305480957,0.20571266114711761,0.04640008136630058
84,0.5264125466346741,0.7633658051490784,0.31445547938346863,0.12223242968320847
85,0.3828917443752289,0.4931998550891876,0.11637306958436966,0.01854204572737217
86,0.4053167998790741,0.6813547015190125,0.1651899516582489,0.03293777257204056
87,0.5023131966590881,0.6329693794250488,0.0893358439207077,0.010857303626835346
88,0.42010775208473206,0.5899026989936829,0.36754971742630005,0.22215041518211365
89,0.491809606552124,0.7162079811096191,3.562439441680908,13.857259750366211
90,0.3957511782646179,0.5511121153831482,3.108485698699951,9.987159729003906
91,0.43994012475013733,0.6649451851844788,0.067494697868824,0.007448326796293259
92,0.4912577271461487,0.6738677620887756,0.22774119675159454,0.058029770851135254
93,0.4854833781719208,0.5338197946548462,0.4093804359436035,0.1783357858657837
94,0.4277748763561249,0.7299297451972961,1.3886291980743408,2.0652928352355957
95,0.44361743330955505,0.5548920035362244,0.5497116446495056,0.3715393543243408
96,0.46307113766670227,0.5738620162010193,0.37357425689697266,0.15375114977359772
97,0.4510662257671356,0.6143618226051331,0.23564353585243225,0.06382002681493759
98,0.444690465927124,0.6113549470901489,0.5723147988319397,0.35154932737350464
99,0.47893351316452026,0.6471583247184753,0.0801055058836937,0.01072322390973568
100,0.4247787296772003,0.6529166102409363,0.2271658480167389,0.07046738266944885
101,0.48961544036865234,0.5964034199714661,0.35937973856925964,0.14568769931793213
102,0.46278268098831177,0.6017780303955078,0.14119429886341095,0.025293877348303795
103,0.5476610660552979,0.7536386847496033,1.5567868947982788,3.0192623138427734
104,0.4265404939651489,0.475266695022583,1.176767110824585,1.6236562728881836
105,0.40483617782592773,0.6106815338134766,0.8453719615936279,0.7406921982765198
106,0.4715007245540619,0.6428137421607971,0.23551763594150543,0.06639202684164047
107,0.48739251494407654,0.6056832671165466,0.9378963708877563,0.9628573656082153
108,0.4743956923484802,0.5957141518592834,0.29094773530960083,0.15804679691791534
109,0.4534473419189453,0.7927778959274292,0.14048130810260773,0.023587901145219803
110,0.4033214747905731,0.526305079460144,0.5038686990737915,0.3892078995704651
111,0.4676350951194763,0.6383561491966248,0.22288303077220917,0.07817095518112183
112,0.45914164185523987,0.5902889966964722,0.14195019006729126,0.02675347775220871
113,0.43316730856895447,0.6950355768203735,0.03175977244973183,0.002512915525585413
114,0.44115886092185974,0.6823407411575317,0.11287172883749008,0.015745464712381363
115,0.42083606123924255,0.527377188205719,0.08060184121131897,0.010347574017941952
116,0.4596177041530609,0.622725248336792,0.35128021240234375,0.1665380597114563
117,0.4396273195743561,0.7026237845420837,0.15345709025859833,0.026391293853521347
118,0.4681161046028137,0.5758986473083496,0.16165347397327423,0.04936733841896057
119,0.4984217882156372,0.6455295085906982,0.20722836256027222,0.06574299186468124
120,0.46566927433013916,0.513313889503479,0.814724862575531,0.7680025696754456
121,0.4820719361305237,0.6291070580482483,1.4020838737487793,2.348891019821167
122,0.45255783200263977,0.6082366108894348,0.45817801356315613,0.2582530677318573
123,0.4384838938713074,0.6467441916465759,0.20459750294685364,0.04878079518675804
124,0.48929956555366516,0.6174212694168091,1.0508449077606201,1.175218939781189
125,0.5105928778648376,0.5871413946151733,0.490466833114624,0.29577913880348206
126,0.45596036314964294,0.5974573493003845,0.06908843666315079,0.007161859888583422
127,0.4617561995983124,0.6397522687911987,1.7076549530029297,3.1763973236083984
128,0.43228811025619507,0.6896911859512329,0.03561680391430855,0.002893701195716858
129,0.4507765769958496,0.5533310174942017,0.2885686159133911,0.09312189370393753
130,0.45673713088035583,0.6712498068809509,1.6460027694702148,3.5663344860076904
131,0.4396946430206299,0.5684470534324646,0.2837921380996704,0.13559496402740479
132,0.4000563323497772,0.7028644680976868,0.18180644512176514,0.043683357536792755
133,0.46663516759872437,0.5621491074562073,0.3486497700214386,0.14977002143859863
134,0.4876708984375,0.5888808369636536,0.037574347108602524,0.0026781053747981787
135,0.42565613985061646,0.6815808415412903,0.4573970139026642,0.223865807056427
136,0.4621310532093048,0.620373010635376,0.09497882425785065,0.015827078372240067
137,0.45760542154312134,0.6046266555786133,1.7187172174453735,3.026973009109497
138,0.4740486145019531,0.6976782083511353,0.04884270578622818,0.004397976212203503
139,0.46335017681121826,0.6082177758216858,0.4299509823322296,0.3879617154598236
140,0.4723711907863617,0.6524529457092285,0.05195755511522293,0.005724713206291199
141,0.46356144547462463,0.5434498190879822,0.16685719788074493,0.031247513368725777
142,0.44223323464393616,0.6215023994445801,3.489891767501831,12.792583465576172
143,0.42578819394111633,0.6556341052055359,0.46433666348457336,0.27211999893188477
144,0.4764783978462219,0.7093351483345032,0.08875636011362076,0.00985918939113617
145,0.3782176673412323,0.5276565551757812,0.15612447261810303,0.038479238748550415
146,0.5158064365386963,0.6556833982467651,0.0544673353433609,0.004517727065831423
147,0.5066026449203491,0.5964375138282776,0.24422942101955414,0.0959830954670906
148,0.4023726284503937,0.5857213735580444,0.1079973429441452,0.014413857832551003
149,0.4401063024997711,0.5957973599433899,1.6444748640060425,2.876851797103882
150,0.4605232775211334,0.6681269407272339,0.15257425606250763,0.0427810363471508
151,0.4561794698238373,0.5355570316314697,1.27007257938385,1.8177515268325806
152,0.47144192457199097,0.6265970468521118,0.5486484169960022,0.4975619912147522
153,0.4480041563510895,0.6223942637443542,0.8206048011779785,0.6940834522247314
154,0.45696520805358887,0.6883364915847778,0.42763328552246094,0.19813849031925201
155,0.4448891878128052,0.6285417079925537,0.3576054275035858,0.15444236993789673
156,0.41431811451911926,0.6078924536705017,0.2083786576986313,0.06346915662288666
157,0.4796537458896637,0.6177791357040405,0.7336645126342773,0.9395785927772522
158,0.5060368180274963,0.647025465965271,0.9915372729301453,1.0662286281585693
159,0.45155513286590576,0.5930271744728088,0.15913891792297363,0.028399700298905373
160,0.44659802317619324,0.597344696521759,0.21056923270225525,0.050849709659814835
161,0.460096538066864,0.6903685927391052,0.5054975748062134,0.2891978323459625
162,0.4242120683193207,0.5031307339668274,0.6817048788070679,0.48836731910705566
163,0.4379735291004181,0.6849998235702515,0.12125226110219955,0.01622455194592476
164,0.5432392358779907,0.641016960144043,0.17275550961494446,0.04067326709628105
165,0.4099957048892975,0.5483616590499878,0.09252625703811646,0.013758638873696327
166,0.4456920921802521,0.6388296484947205,0.28293150663375854,0.09450966119766235
167,0.4428000748157501,0.5924932956695557,0.4269897937774658,0.21936868131160736
168,0.441509485244751,0.6379340887069702,0.055747974663972855,0.004881610628217459
169,0.46437132358551025,0.7230423092842102,0.05150814726948738,0.0043123275972902775
170,0.4387531578540802,0.47976991534233093,0.1578735113143921,0.0393063984811306
171,0.5199153423309326,0.6656375527381897,0.1880766600370407,0.060359660536050797
172,0.48591873049736023,0.6327764391899109,0.06684239208698273,0.0077150119468569756
173,0.4136331379413605,0.5559523105621338,0.5996958613395691,0.6227736473083496
174,0.5150347948074341,0.7215949296951294,0.32730910181999207,0.1597607284784317
175,0.381742924451828,0.5152585506439209,0.5375425219535828,0.3106783628463745
176,0.4688606858253479,0.9515699148178101,0.03719435632228851,0.002743758959695697
177,0.35471320152282715,0.38412952423095703,0.26312026381492615,0.11188255995512009
178,0.4299883246421814,0.6479721069335938,0.5543158650398254,0.34096401929855347
179,0.5280789732933044,0.7083541750907898,0.2645401954650879,0.13957399129867554
180,0.418649822473526,0.5217677354812622,0.1283215880393982,0.019063761457800865
181,0.43901005387306213,0.6471796035766602,0.5069485902786255,0.3154361844062805
182,0.4150407612323761,0.6367841362953186,1.482377529144287,2.282588243484497
183,0.4440557658672333,0.6473307013511658,0.36054179072380066,0.1556159406900406
184,0.4782887101173401,0.7938738465309143,0.05714576691389084,0.00576357776299119
185,0.41680315136909485,0.5148401260375977,2.3128204345703125,5.485289573669434
186,0.43245095014572144,0.6675246357917786,0.12966087460517883,0.026859700679779053
187,0.3974100649356842,0.6043637990951538,0.551080584526062,0.3206557333469391
188,0.47537192702293396,0.6132444739341736,0.42265886068344116,0.2104281634092331
189,0.4357914626598358,0.7416539788246155,0.10686943680047989,0.013528156094253063
190,0.4726049304008484,0.5487918853759766,0.07636336237192154,0.009274511598050594
191,0.4445369839668274,0.5478772521018982,0.08028974384069443,0.011332281865179539
192,0.4824579656124115,0.6353099942207336,0.04892251640558243,0.004826961550861597
193,0.461722731590271,0.5260748267173767,0.19313490390777588,0.06600743532180786
194,0.41180601716041565,0.6151868104934692,0.45233848690986633,0.22760073840618134
195,0.5275868773460388,0.7147966027259827,1.9343525171279907,4.472603797912598
196,0.41542166471481323,0.5332746505737305,0.13388504087924957,0.022776203230023384
197,0.4129199683666229,0.6131711602210999,0.1464366763830185,0.03119148313999176
198,0.42570340633392334,0.6869876980781555,0.17249765992164612,0.047940466552972794
199,0.4805153012275696,0.6447762250900269,0.08131080865859985,0.008529556915163994
200,0.43912121653556824,0.5636520385742188,0.7301213145256042,0.8181992769241333
201,0.4935397207736969,0.616364598274231,0.10411042720079422,0.016109608113765717
202,0.45317399501800537,0.660275399684906,1.6069713830947876,2.686885356903076
203,0.4665287137031555,0.6693083643913269,0.9213792085647583,1.0149977207183838
204,0.44066405296325684,0.5802474617958069,0.3668022155761719,0.15167872607707977
205,0.4603187143802643,0.7555721998214722,0.2919687330722809,0.10405386239290237
206,0.3975384831428528,0.5381832122802734,0.7284261584281921,0.7822199463844299
207,0.4929303228855133,0.5692259073257446,0.6639270782470703,0.5343976020812988
208,0.4689866900444031,0.5591956377029419,0.14595720171928406,0.03417132794857025
209,0.49046579003334045,0.6155104041099548,1.6880052089691162,3.2458603382110596
210,0.45038360357284546,0.587066113948822,0.13498570024967194,0.02166435867547989
211,0.4731723368167877,0.5742464661598206,0.65335613489151,0.5872782468795776
212,0.47186824679374695,0.6217808127403259,1.7079150676727295,3.4259703159332275
213,0.4672589898109436,0.6459569334983826,0.08405201882123947,0.010383332148194313
214,0.4892897307872772,0.5689260363578796,0.26702120900154114,0.10054647922515869
215,0.4288325011730194,0.6308029890060425,0.21383918821811676,0.07330353558063507
216,0.48930656909942627,0.6163273453712463,1.048967957496643,1.5515964031219482
217,0.4522952437400818,0.6610425114631653,0.0892350897192955,0.009795030578970909
218,0.4233301877975464,0.5711981058120728,0.26759073138237,0.09521449357271194
219,0.40977612137794495,0.640268087387085,0.3794211149215698,0.16211850941181183
220,0.4355694651603699,0.6338825821876526,0.49873435497283936,0.31079477071762085
221,0.530691921710968,0.6415958404541016,0.3021899163722992,0.12264727056026459
222,0.49350908398628235,0.6481732130050659,0.5146159529685974,0.4522893726825714
223,0.40052586793899536,0.47994551062583923,0.5947381258010864,0.5018549561500549
224,0.5063158273696899,0.6988201141357422,0.18063287436962128,0.041957344859838486
225,0.40013667941093445,0.5874343514442444,0.6239269375801086,0.421216756105423
226,0.4576483964920044,0.6475706696510315,0.05453973263502121,0.0062843370251357555
227,0.382063627243042,0.6058235764503479,0.391849160194397,0.193666473031044
228,0.4770559072494507,0.6745713949203491,0.33686214685440063,0.17412163317203522
229,0.42925843596458435,0.5587758421897888,0.074686199426651,0.006966276094317436
230,0.41120511293411255,0.574610710144043,0.4724230170249939,0.24422894418239594
231,0.491393119096756,0.6413571834564209,1.133522391319275,1.534271478652954
232,0.49403277039527893,0.6722192764282227,0.30593425035476685,0.15348996222019196
233,0.4569682776927948,0.5541507005691528,0.5592742562294006,0.3524653911590576
234,0.4473327696323395,0.6123214364051819,0.11332836002111435,0.015996916219592094
235,0.43187785148620605,0.5808148980140686,0.09142710268497467,0.011279847472906113
236,0.4933129549026489,0.5614058375358582,0.10214348137378693,0.017318282276391983
237,0.4151877164840698,0.5722424983978271,0.2926231920719147,0.1794077455997467
238,0.45763278007507324,0.6221152544021606,1.7789815664291382,3.2527472972869873
239,0.4956793785095215,0.5758556723594666,0.29564985632896423,0.14346477389335632
240,0.43343016505241394,0.6988528966903687,0.06873058527708054,0.007600632030516863
241,0.4757258892059326,0.5927295088768005,0.1254396289587021,0.021069807931780815
242,0.4640664756298065,0.5929626226425171,0.12433449923992157,0.025407103821635246
243,0.46129152178764343,0.6335505247116089,0.04896480217576027,0.004131607245653868
244,0.4453326463699341,0.750946581363678,0.5437412858009338,0.37841010093688965
245,0.4037494957447052,0.5691379308700562,0.19074779748916626,0.06872335821390152
246,0.43161189556121826,0.5191483497619629,0.23043589293956757,0.07326841354370117
247,0.5109270811080933,0.5870397090911865,1.0191361904144287,1.2355678081512451
248,0.45569321513175964,0.5519137978553772,0.19062142074108124,0.06908176094293594
249,0.4590912461280823,0.7072457075119019,0.45158079266548157,0.25720736384391785
250,0.37717676162719727,0.6035864949226379,1.3554151058197021,1.8988254070281982
251,0.511103093624115,0.6169633269309998,0.19335804879665375,0.04338247701525688
252,0.4725187420845032,0.5349072813987732,0.38503023982048035,0.1697976291179657
253,0.515401303768158,0.6418910026550293,0.6468594670295715,0.45335036516189575
254,0.44688811898231506,0.5881551504135132,0.06810750812292099,0.008589695207774639
255,0.47311943769454956,0.5346640944480896,2.9190127849578857,9.033103942871094
256,0.4782342314720154,0.592461347579956,0.09639748185873032,0.016402700915932655
257,0.4733268618583679,0.6190628409385681,0.3216327428817749,0.13291089236736298
258,0.4735886752605438,0.5706813335418701,0.2683260440826416,0.08949969708919525
259,0.4598104655742645,0.6394355297088623,0.12348227947950363,0.019103175029158592
260,0.4131189286708832,0.6053492426872253,0.06898824870586395,0.008213469758629799
261,0.4626639783382416,0.5733560919761658,0.5228537917137146,0.2819342613220215
262,0.4901054799556732,0.5714814066886902,0.5463847517967224,0.3240012526512146
263,0.49140119552612305,0.7324209809303284,0.7722148895263672,0.8101416230201721
264,0.45479288697242737,0.529679536819458,1.864643931388855,3.982196807861328
265,0.4902580678462982,0.5756091475486755,0.05020425096154213,0.0044762203469872475
266,0.4861360192298889,0.6340284943580627,0.29541999101638794,0.09724893420934677
267,0.43424320220947266,0.607745349407196,0.3933345079421997,0.1826355904340744
268,0.4928637146949768,0.5180599689483643,0.2635146379470825,0.11057461053133011
269,0.43432188034057617,0.5998621582984924,0.17442730069160461,0.060957640409469604
270,0.4310476779937744,0.5529059171676636,0.22960242629051208,0.06746884435415268
271,0.5104199051856995,0.6091061234474182,0.05484435707330704,0.0055828881449997425
272,0.4303227365016937,0.6219021081924438,0.6395061612129211,0.502022922039032
273,0.42381536960601807,0.48193007707595825,1.0579191446304321,1.2195335626602173
274,0.47989487648010254,0.5651578903198242,0.4482713043689728,0.24028921127319336
275,0.45505306124687195,0.619255542755127,0.05589216575026512,0.006607026793062687
276,0.450936883687973,0.6104867458343506,0.03984546661376953,0.0031012084800750017
277,0.4165813624858856,0.5997900366783142,0.24262197315692902,0.06973421573638916
278,0.4447128176689148,0.5954360961914062,0.18233731389045715,0.05292871221899986
279,0.49315202236175537,0.6284606456756592,0.07301593571901321,0.007947586476802826
280,0.4653787314891815,0.5783730745315552,0.9625077843666077,1.000836730003357
281,0.4370816648006439,0.7745040059089661,0.03781353682279587,0.0029968968592584133
282,0.3960578441619873,0.5204424262046814,0.7824881076812744,0.6641716957092285
283,0.4784998893737793,0.6344618201255798,0.2377319037914276,0.106519915163517
284,0.4017236828804016,0.5542610287666321,0.9702329039573669,1.0107139348983765
285,0.46814000606536865,0.604277491569519,0.6961230635643005,0.5353411436080933
286,0.4435635209083557,0.6556193828582764,0.16689321398735046,0.03136436268687248
287,0.43909233808517456,0.5910117626190186,0.5245270133018494,0.31768518686294556
288,0.46556875109672546,0.595568835735321,0.1658390909433365,0.040098052471876144
289,0.46187707781791687,0.7376424074172974,0.49323099851608276,0.26751333475112915
290,0.45056605339050293,0.5454891920089722,0.11660180240869522,0.019245391711592674
291,0.44633886218070984,0.6554835438728333,1.26885986328125,2.2002058029174805
292,0.4844547212123871,0.5746532082557678,0.8026756644248962,0.7489033341407776
293,0.5314560532569885,0.6682128310203552,0.6358479857444763,0.6402599215507507
294,0.404396116733551,0.6880347728729248,0.12060751020908356,0.023719066753983498
295,0.48990926146507263,0.5014163851737976,0.2602371573448181,0.11604902148246765
296,0.4788360595703125,0.6627436876296997,0.25170424580574036,0.09741707146167755
297,0.4764728844165802,0.5366755723953247,0.6863143444061279,0.49906209111213684
298,0.4397711157798767,0.5285665392875671,0.4538608491420746,0.2457263171672821
299,0.4493958055973053,0.66434246301651,1.5040990114212036,2.4841816425323486
300,0.48586851358413696,0.5480173230171204,2.822841167449951,8.525694847106934
301,0.4576261639595032,0.5996682047843933,0.3217937648296356,0.17266376316547394
302,0.43809646368026733,0.6028051972389221,0.14272426068782806,0.03059452958405018
303,0.43213286995887756,0.5880641937255859,1.6786936521530151,2.9520084857940674
304,0.5457621812820435,0.600989580154419,0.17403754591941833,0.0336204431951046
305,0.4636209011077881,0.5793638229370117,0.9007452130317688,1.3609102964401245
306,0.42490294575691223,0.5517398715019226,0.06648996472358704,0.010931280441582203
307,0.5043684244155884,0.5793115496635437,0.050819654017686844,0.004922850523144007
308,0.4304778277873993,0.6562868356704712,0.6412113904953003,0.6215744018554688
309,0.48458531498908997,0.5748012065887451,0.28774702548980713,0.15365149080753326
310,0.4290855824947357,0.6133538484573364,1.369598150253296,2.548281669616699
311,0.44087687134742737,0.6092188954353333,0.08728161454200745,0.012499315664172173
312,0.4314342737197876,0.5410975813865662,0.2876107096672058,0.126339390873909
313,0.4780213534832001,0.5787929892539978,0.1910167634487152,0.04626355692744255
314,0.4815457761287689,0.614008367061615,0.07204610109329224,0.009426766075193882
315,0.4889789819717407,0.5763921737670898,0.7956897616386414,0.7711520791053772
316,0.4460027515888214,0.7514309287071228,0.11331618577241898,0.01927899569272995
317,0.3989426791667938,0.5103069543838501,0.4813864231109619,0.2443283349275589
318,0.4390445947647095,0.5706846117973328,0.1668161153793335,0.04511434584856033
319,0.4374181032180786,0.6386300921440125,0.03731526434421539,0.0029388221446424723
320,0.45839840173721313,0.557099461555481,0.107880137860775,0.021335991099476814
321,0.4755440652370453,0.5939408540725708,0.4007717967033386,0.18573322892189026
322,0.4577315151691437,0.5676677227020264,0.11080233007669449,0.018695462495088577
323,0.4573183059692383,0.5994623899459839,0.34489426016807556,0.1560710221529007
324,0.4972394108772278,0.6170459389686584,0.1133403480052948,0.019413381814956665
325,0.4194810688495636,0.5315784215927124,0.20435422658920288,0.050231557339429855
326,0.47773101925849915,0.6276660561561584,0.11356165260076523,0.01677105389535427
327,0.4507165551185608,0.5681156516075134,0.7953231334686279,0.856407105922699
328,0.5166860222816467,0.5432528853416443,0.22298365831375122,0.07580128312110901
329,0.5043115615844727,0.6240106821060181,1.6018381118774414,2.8006460666656494
330,0.443156361579895,0.6559707522392273,0.08832598477602005,0.009946375153958797
331,0.436185747385025,0.5289850234985352,1.5222675800323486,2.553753614425659
332,0.5123024582862854,0.5845432281494141,0.34666112065315247,0.22302865982055664
333,0.44786542654037476,0.5744512677192688,0.07352331280708313,0.008333074860274792
334,0.5249433517456055,0.7272686958312988,0.03462513908743858,0.002655346179381013
335,0.41616639494895935,0.5788317918777466,0.05049588903784752,0.005021523684263229
336,0.43621695041656494,0.588135838508606,0.28884372115135193,0.09931439906358719
337,0.4656772315502167,0.623667299747467,0.055954188108444214,0.005658334121108055
338,0.3858422636985779,0.5299897193908691,0.2309899628162384,0.06235802173614502
339,0.4606245458126068,0.5955273509025574,0.2670247554779053,0.07966558635234833
340,0.4465896189212799,0.6271441578865051,0.2353024035692215,0.06307235360145569
341,0.4678640365600586,0.5784403681755066,0.20964032411575317,0.06450311094522476
342,0.47904086112976074,0.5870883464813232,0.2937036454677582,0.11556243896484375
343,0.43780434131622314,0.6925322413444519,0.19948403537273407,0.049431104212999344
344,0.45630523562431335,0.5003440380096436,0.7315399646759033,0.702111542224884
345,0.45757707953453064,0.6262811422348022,0.5529221892356873,0.33825862407684326
346,0.42744478583335876,0.6001232266426086,0.3222542107105255,0.17965517938137054
347,0.4742327034473419,0.5876388549804688,0.2575435936450958,0.09926191717386246
348,0.4955298900604248,0.7014936208724976,0.10803201049566269,0.015247843228280544
349,0.3703790307044983,0.5467624664306641,0.053045276552438736,0.0050932555459439754
350,0.4939495325088501,0.6395601034164429,0.059302572160959244,0.005404062103480101
351,0.4145139157772064,0.5281459093093872,0.5117080211639404,0.27471256256103516
352,0.4360640048980713,0.6975133419036865,0.23760592937469482,0.07044006139039993
353,0.48543235659599304,0.572783350944519,0.07964955270290375,0.010686101391911507
354,0.4749724566936493,0.5753126740455627,0.7399260997772217,0.6711560487747192
355,0.45301854610443115,0.5890132784843445,0.2590671479701996,0.08411554247140884
356,0.46099716424942017,0.5971114635467529,0.23060539364814758,0.07957923412322998
357,0.4171154797077179,0.6184204816818237,0.26526299118995667,0.12192527204751968
358,0.5088024735450745,0.5989564657211304,0.15700335800647736,0.033264193683862686
359,0.49401018023490906,0.5403750538825989,0.15474256873130798,0.0335082933306694
360,0.4377458989620209,0.558023989200592,0.6975587606430054,0.5202041864395142
361,0.44045794010162354,0.648271918296814,0.23761972784996033,0.09471102803945541
362,0.4635395109653473,0.6318755745887756,0.11567211151123047,0.01956861838698387
363,0.4749699831008911,0.5852964520454407,0.5333348512649536,0.35943904519081116
364,0.5064492225646973,0.5696365833282471,0.10404549539089203,0.015452052466571331
365,0.44730475544929504,0.585436999797821,0.2814549207687378,0.1261468529701233
366,0.48433685302734375,0.6659455299377441,0.22624027729034424,0.057249538600444794
367,0.4539657235145569,0.5683981776237488,0.18150056898593903,0.04097014665603638
368,0.4368828535079956,0.5654623508453369,0.06861704587936401,0.008755725808441639
369,0.5047566890716553,0.7224391102790833,0.10230181366205215,0.013154014945030212
370,0.37610572576522827,0.541621208190918,1.7508434057235718,3.556368350982666
371,0.4520168900489807,0.6751337647438049,2.6844992637634277,8.2649507522583
372,0.4298000931739807,0.5661047697067261,0.13045121729373932,0.026631483808159828
373,0.4437721371650696,0.513177216053009,0.22284074127674103,0.06297900527715683
374,0.5200973749160767,0.6075865626335144,0.12063132226467133,0.02203555218875408
375,0.4947478771209717,0.5539088249206543,1.5444239377975464,3.208988904953003
376,0.43940049409866333,0.5853744745254517,0.2861438989639282,0.10472871363162994
377,0.49583399295806885,0.6391580700874329,0.09544356167316437,0.010725237429141998
378,0.43266573548316956,0.5765692591667175,0.5228749513626099,0.4133211076259613
379,0.5076428055763245,0.5571861267089844,0.29287198185920715,0.12074189633131027
380,0.43726643919944763,0.6705813407897949,0.26890867948532104,0.1264081597328186
381,0.47012919187545776,0.5559757947921753,0.8390038013458252,0.7290520668029785
382,0.43311136960983276,0.7335580587387085,0.09464835375547409,0.011361988261342049
383,0.4124554395675659,0.6300291419029236,0.048906221985816956,0.003987499978393316
384,0.4119039475917816,0.5292121171951294,0.6433712840080261,0.6661202907562256
385,0.414654403924942,0.6439293026924133,0.19550037384033203,0.04583639279007912
386,0.4735431969165802,0.5794810056686401,0.547451376914978,0.41044098138809204
387,0.47661536931991577,0.7354041934013367,4.97623872756958,26.98200035095215
388,0.39461180567741394,0.5526124238967896,0.07049306482076645,0.00997677631676197
389,0.3930845260620117,0.5695668458938599,0.40962859988212585,0.22327439486980438
390,0.5223639011383057,0.6014925241470337,0.05785802751779556,0.005750834010541439
391,0.47874152660369873,0.5978682637214661,0.9411810636520386,1.1960030794143677
392,0.484636127948761,0.6540976762771606,0.041033532470464706,0.003712212201207876
393,0.43472224473953247,0.5216731429100037,0.22698991000652313,0.059176865965127945
394,0.45184415578842163,0.541530966758728,0.08597152680158615,0.011761552654206753
395,0.47018563747406006,0.5395632982254028,0.8463506698608398,1.1882365942001343
396,0.4816558361053467,0.6961198449134827,1.9655183553695679,5.373906135559082
397,0.4006277322769165,0.5635699033737183,0.09154228121042252,0.01254994422197342
398,0.4399276375770569,0.5832287669181824,0.20384638011455536,0.05950050801038742
399,0.5465537905693054,0.6296999454498291,0.29542118310928345,0.1387057602405548
400,0.3520244359970093,0.5289799571037292,0.22349807620048523,0.06711295992136002
401,0.38244035840034485,0.6327325105667114,0.12233032286167145,0.020233675837516785
402,0.4676525592803955,0.6219940781593323,0.11315792053937912,0.01789274625480175
403,0.43092048168182373,0.5282665491104126,0.255750447511673,0.08737867325544357
404,0.5070887207984924,0.5918781161308289,0.11193782091140747,0.01853584498167038
405,0.46133333444595337,0.5559275150299072,0.1606360822916031,0.03052183799445629
406,0.4390980303287506,0.6077280044555664,0.07512389123439789,0.009873568080365658
407,0.5011774897575378,0.6524226069450378,0.041884105652570724,0.0034259804524481297
408,0.42537549138069153,0.5460821390151978,0.054691724479198456,0.005075928755104542
409,0.4393492043018341,0.5663044452667236,0.3106285333633423,0.10677529126405716
410,0.4048660397529602,0.5955105423927307,0.052251774817705154,0.00455917464569211
411,0.4738274812698364,0.6125849485397339,1.084328055381775,1.3813011646270752
412,0.48338761925697327,0.5670923590660095,0.45286938548088074,0.26721036434173584
413,0.4321751594543457,0.5500293970108032,0.45940127968788147,0.2351478487253189
414,0.5098603963851929,0.5859503746032715,0.09220311045646667,0.015139150433242321
415,0.4939301311969757,0.5854777097702026,0.37793949246406555,0.15581324696540833
416,0.45299649238586426,0.579294741153717,0.359194815158844,0.1506730318069458
417,0.456592857837677,0.5705153346061707,0.28108417987823486,0.10017813742160797
418,0.47790101170539856,0.5801043510437012,0.12968489527702332,0.024891206994652748
419,0.41465049982070923,0.5818443894386292,0.24074029922485352,0.07171401381492615
420,0.5302251577377319,0.9100873470306396,0.09963512420654297,0.012475471943616867
421,0.40228286385536194,0.5223056674003601,0.49445465207099915,0.36881816387176514
422,0.4093922972679138,0.4799559712409973,1.274316430091858,1.749436855316162
423,0.473984956741333,0.5813950300216675,0.0744968056678772,0.008001631125807762
424,0.4329569339752197,0.5624168515205383,0.19499695301055908,0.057315826416015625
425,0.45438557863235474,0.766866147518158,0.11082768440246582,0.016727175563573837
426,0.3499070703983307,0.6378911733627319,0.05911851301789284,0.005865955259650946
427,0.4873163104057312,0.6243498921394348,0.1863071173429489,0.050453901290893555
428,0.4341517388820648,0.5730023384094238,0.41453611850738525,0.1800723522901535
429,0.4606970250606537,0.5615983009338379,0.1982266902923584,0.05176357552409172
430,0.44394275546073914,0.6076695322990417,0.22839412093162537,0.07181506603956223
431,0.4567049741744995,0.5290973782539368,0.08079700171947479,0.010766812600195408
432,0.4586714506149292,0.6637626886367798,0.12239012867212296,0.017804903909564018
433,0.42657673358917236,0.5328354835510254,0.05079416558146477,0.004886094015091658
434,0.43313121795654297,0.658794641494751,0.27802038192749023,0.13723236322402954
435,0.4178832769393921,0.5526992082595825,0.10562494397163391,0.015801522880792618
436,0.44181135296821594,0.6536444425582886,0.20655158162117004,0.09290435910224915
437,0.48074907064437866,0.5552452802658081,0.21481774747371674,0.05029181018471718
438,0.44725725054740906,0.5022042989730835,0.433686226606369,0.270895779132843
439,0.4434639513492584,0.6752895712852478,0.19701452553272247,0.046311285346746445
440,0.4289849102497101,0.6432157158851624,0.5764224529266357,0.4749518632888794
441,0.4375537037849426,0.5420615077018738,0.6013001799583435,0.44496971368789673
442,0.4237830936908722,0.5219796895980835,0.12492446601390839,0.032924022525548935
443,0.47601765394210815,0.6260645389556885,0.07753974199295044,0.010577383451163769
444,0.48015350103378296,0.6247962117195129,0.18896237015724182,0.038911107927560806
445,0.459338903427124,0.5152789950370789,1.2674016952514648,1.7145607471466064
446,0.4428284466266632,0.734253466129303,0.08044233918190002,0.009655250236392021
447,0.42729395627975464,0.5118817090988159,0.1513632982969284,0.026661725714802742
448,0.47401973605155945,0.5935083031654358,0.14726433157920837,0.02624966949224472
449,0.5115818381309509,0.5524265766143799,0.68864506483078,0.5151534080505371
450,0.5005102753639221,0.6348522305488586,0.0646381601691246,0.007655964232981205
451,0.4562215209007263,0.5029882192611694,0.19412556290626526,0.04541058838367462
452,0.4787514805793762,0.6043079495429993,0.8198118805885315,0.7324715256690979
453,0.45144712924957275,0.5847344398498535,0.0944453626871109,0.011515527963638306
454,0.465848833322525,0.5826165676116943,0.17490944266319275,0.03480404242873192
455,0.4736817479133606,0.6617434620857239,0.03808743506669998,0.003033591201528907
456,0.4242192506790161,0.49532467126846313,0.14130239188671112,0.030957678332924843
457,0.4306440055370331,0.5666823983192444,1.2806826829910278,1.9025530815124512
458,0.426741361618042,0.6157791018486023,0.28598451614379883,0.13113348186016083
459,0.45233649015426636,0.6055470108985901,0.07371407747268677,0.007759808097034693
460,0.4687028229236603,0.5875696539878845,0.20037762820720673,0.04317343607544899
461,0.4303237497806549,0.6197264790534973,0.07690278440713882,0.00943414680659771
462,0.4694889783859253,0.6035853028297424,2.412297487258911,6.704056262969971
463,0.3752579987049103,0.48896029591560364,0.2707609236240387,0.08250477910041809
464,0.4862561821937561,0.5728121995925903,0.6091952323913574,0.407278835773468
465,0.4397527277469635,0.6119028329849243,0.168758362531662,0.047840557992458344
466,0.4868069589138031,0.6104168891906738,0.05727849155664444,0.005120743531733751
467,0.43689635396003723,0.5421446561813354,0.10419272631406784,0.020212605595588684
468,0.42878198623657227,0.5864846706390381,0.048778314143419266,0.004740728996694088
469,0.410587340593338,0.5885437726974487,0.18695244193077087,0.03917980566620827
470,0.47189101576805115,0.5695340633392334,0.4130120575428009,0.27179720997810364
471,0.4631652235984802,0.5968655943870544,0.3331431746482849,0.12819664180278778
472,0.4427337348461151,0.5980366468429565,1.5079646110534668,2.5014896392822266
473,0.45674335956573486,0.6174675822257996,0.8425773978233337,0.8067128658294678
474,0.4584448039531708,0.5542737245559692,0.13566091656684875,0.02113713137805462
475,0.38846737146377563,0.5940471291542053,0.10289202630519867,0.016750283539295197
476,0.4718349874019623,0.6083075404167175,0.11121038347482681,0.020287076011300087
477,0.46612852811813354,0.5648823976516724,1.1199692487716675,1.3611667156219482
478,0.4426756501197815,0.570234477519989,0.20377597212791443,0.0573609285056591
479,0.48754212260246277,0.5654394030570984,0.7008908987045288,0.5822738409042358
480,0.5083612203598022,0.612107515335083,0.0783599242568016,0.007861404679715633
481,0.4349253475666046,0.5740458369255066,2.0029850006103516,4.263607501983643
482,0.47929370403289795,0.6987801194190979,0.07516571879386902,0.008740664459764957
483,0.38945773243904114,0.5080463290214539,0.24933524429798126,0.08639053255319595
484,0.45504093170166016,0.6359290480613708,0.10949471592903137,0.015852082520723343
485,0.4367746412754059,0.5142859816551208,0.06455319374799728,0.007953009568154812
486,0.4493938088417053,0.5517892241477966,0.4712168872356415,0.3603612184524536
487,0.4397491216659546,0.6140689253807068,0.6251571178436279,0.48570501804351807
488,0.437781423330307,0.6262874603271484,0.05952105298638344,0.005701554473489523
489,0.45882415771484375,0.5914198756217957,1.3645752668380737,1.9520378112792969
490,0.45717984437942505,0.6335397958755493,0.05894835665822029,0.00691321911290288
491,0.39064085483551025,0.5337579250335693,0.14583173394203186,0.02969379536807537
492,0.5150360465049744,0.5385070443153381,0.16492359340190887,0.04131428152322769
493,0.47159335017204285,0.580389142036438,0.613190233707428,0.4255867302417755
494,0.48504355549812317,0.5513584017753601,1.1890801191329956,1.4917336702346802
495,0.5198517441749573,0.600475013256073,0.06432104110717773,0.0066824061796069145
496,0.4691191017627716,0.5086020231246948,0.25385403633117676,0.08346264809370041
497,0.4149501919746399,0.5741665363311768,0.5511127710342407,0.39998552203178406
498,0.49918732047080994,0.628378689289093,0.36785343289375305,0.1442089080810547
499,0.4083477556705475,0.6011210083961487,0.20432959496974945,0.059908702969551086
