,epoch,MAE,loss,val_MAE,val_loss
0,0,662.7398681640625,714763.8125,283.4854736328125,200553.109375
1,1,254.13172912597656,175035.34375,217.7342987060547,155772.140625
2,2,177.74246215820312,133033.390625,138.74168395996094,122720.53125
3,3,115.5569839477539,108586.375,97.63121795654295,108046.9453125
4,4,88.13045501708984,98638.2890625,88.3931655883789,101094.515625
5,5,74.62799835205078,92790.3671875,67.0863265991211,95962.9921875
6,6,69.71308135986328,87954.5390625,66.31758880615234,90698.171875
7,7,67.28875732421875,82717.6796875,71.06111145019531,84681.84375
8,8,64.92424774169922,76696.4140625,63.9687728881836,77907.546875
9,9,62.39974212646485,69850.4453125,63.206668853759766,70261.859375
10,10,59.60129165649414,62191.11328125,56.95838165283203,61740.625
11,11,56.71017074584961,53751.2265625,53.75706481933594,52578.9296875
12,12,53.90193557739258,44911.60546875,52.220359802246094,43250.5234375
13,13,51.4465446472168,36127.6796875,50.71014022827149,34068.2421875
14,14,48.68217468261719,27711.7109375,52.85452651977539,25722.6953125
15,15,46.50474166870117,20174.99609375,47.27915954589844,18291.419921875
16,16,44.30778121948242,13987.6474609375,43.4172248840332,12454.36328125
17,17,41.794395446777344,9184.0986328125,40.8012809753418,8137.32958984375
18,18,38.80086898803711,5813.0009765625,37.7009391784668,5320.38525390625
19,19,35.04253387451172,3775.13330078125,34.14482498168945,3734.91015625
20,20,30.72348403930664,2651.52685546875,28.250423431396484,2817.658203125
21,21,25.99654769897461,2031.1519775390625,24.132726669311523,2319.991455078125
22,22,21.644411087036133,1643.121826171875,19.93709945678711,1954.372314453125
23,23,17.741491317749023,1351.9937744140625,16.18387222290039,1666.423095703125
24,24,14.126914978027344,1119.552490234375,12.743817329406738,1431.04052734375
25,25,10.953909873962402,938.9636840820312,9.685338020324709,1243.3819580078125
26,26,8.31182861328125,799.84521484375,7.12191104888916,1079.8240966796875
27,27,6.046247959136963,686.5967407226562,5.044745922088623,936.0742797851562
28,28,4.310304164886475,592.7646484375,3.578960418701172,809.3504028320312
29,29,3.119338035583496,513.7435913085938,2.822638511657715,697.792236328125
30,30,2.385573387145996,442.44927978515625,2.0602917671203613,590.5679321289062
31,31,1.915313005447388,380.2726135253906,1.5901631116867063,496.8518676757813
32,32,1.6007612943649292,322.3727111816406,1.3615567684173584,409.4289855957031
33,33,1.4160807132720947,271.1327209472656,1.2096599340438845,334.12615966796875
34,34,1.2158678770065308,225.8478546142578,1.054808259010315,269.2068176269531
35,35,1.102638840675354,186.92367553710935,0.8468812704086304,213.14930725097656
36,36,0.961505651473999,154.32757568359375,0.7200320959091187,168.1100311279297
37,37,0.8718809485435486,128.33883666992188,0.6069373488426208,133.06936645507812
38,38,0.774348795413971,106.5461883544922,0.5670289993286133,102.1902313232422
39,39,0.7057703137397766,87.80841064453125,0.9931686520576476,78.38683319091797
40,40,0.6375478506088257,73.14637756347656,1.8914761543273928,64.69081115722656
41,41,0.6096611618995667,60.56702423095703,0.3922296166419983,44.64573669433594
42,42,0.5375714302062988,50.51833724975586,0.5275093913078308,33.71402740478516
43,43,0.5053887963294983,41.40704727172852,0.6310703754425049,23.96830368041992
44,44,0.4299424886703491,33.64173889160156,0.2036596685647964,16.654760360717773
45,45,0.3997821807861328,27.23577880859375,0.7868578433990479,11.96962547302246
46,46,0.3552573919296264,21.820104598999023,0.1620742231607437,7.716387271881103
47,47,0.3327796459197998,17.66714096069336,0.1225290447473526,4.883172035217285
48,48,0.3070445954799652,14.294710159301758,0.2907070219516754,3.0867912769317627
49,49,0.2452737241983413,11.558904647827148,0.0773292183876037,1.720957636833191
50,50,0.2699471414089203,9.59407901763916,0.0993147268891334,0.8531171679496765
51,51,0.2332960367202758,7.9545207023620605,0.0904314145445823,0.416133314371109
52,52,0.2096671313047409,6.729795455932617,0.319590151309967,0.2940214872360229
53,53,0.1986188441514969,5.928322792053223,0.1111019179224968,0.0736910328269004
54,54,0.1858440190553665,5.227664947509766,0.1515590101480484,0.0359622724354267
55,55,0.2041447460651397,4.647353172302246,0.0877965614199638,0.0116020422428846
56,56,0.1936869770288467,4.179255962371826,0.420954018831253,0.2070876955986023
57,57,0.138115793466568,3.690731287002564,0.2408659756183624,0.0659646466374397
58,58,0.172866478562355,3.3427796363830566,0.0383447110652923,0.0033129709772765
59,59,0.1857046484947204,2.947558879852295,0.065536081790924,0.0066895326599478
60,60,0.1861664652824401,2.650033473968506,0.0369404591619968,0.0028562012594193
61,61,0.1376944631338119,2.3002572059631348,0.0850921273231506,0.0119171123951673
62,62,0.2125962972640991,2.109879493713379,0.1047144085168838,0.0148877501487731
63,63,0.145971730351448,1.8740057945251465,0.0407781042158603,0.0033660235349088
64,64,0.1599322706460952,1.6547603607177734,0.0752847716212272,0.0092655820772051
65,65,0.2208170145750045,1.5081045627593994,0.2444249391555786,0.0848579481244087
66,66,0.1562122702598571,1.302412748336792,0.1720772236585617,0.0333962924778461
67,67,0.1783180683851242,1.1809285879135132,0.6295180916786194,0.4335896670818329
68,68,0.1568256616592407,1.0927201509475708,0.7371171712875366,0.5686873197555542
69,69,0.1968276500701904,0.9510249495506288,0.2348301112651825,0.0594673380255699
70,70,0.2026236057281494,0.9117005467414856,0.0384418703615665,0.0028933463618159
71,71,0.1607281118631363,0.7591937780380249,0.1060062274336814,0.0144083192571997
72,72,0.1853431761264801,0.7184140086174011,0.212070345878601,0.0522406101226806
73,73,0.2052996605634689,0.6733401417732239,0.0548876747488975,0.0046859141439199
74,74,0.1542759537696838,0.556296706199646,0.2142355591058731,0.0504288524389267
75,75,0.1783900707960128,0.5340943336486816,0.0993078052997589,0.0128981070592999
76,76,0.179650604724884,0.4884750247001648,0.4914125800132751,0.2659171819686889
77,77,0.1815012395381927,0.4480719864368438,0.1828653514385223,0.0361446887254715
78,78,0.2066638469696045,0.4113637506961822,0.519252598285675,0.2819766104221344
79,79,0.1839983165264129,0.3735824823379516,0.2668509483337402,0.089467778801918
80,80,0.2117845118045807,0.3504176735877991,0.1006000414490699,0.0181633196771144
81,81,0.1954804062843322,0.3216195106506347,0.1934571266174316,0.0419062077999115
82,82,0.1983819752931594,0.2872239351272583,0.0500658340752124,0.0048675225116312
83,83,0.2131691128015518,0.2788761556148529,0.1942567825317382,0.0468169189989566
84,84,0.1987295597791671,0.2492168545722961,0.1623653024435043,0.0307316612452268
85,85,0.1928974688053131,0.2269405275583267,0.1687623858451843,0.0402524508535862
86,86,0.1874625533819198,0.2196993827819824,0.0992709696292877,0.0136613911017775
87,87,0.1871349811553955,0.2135020941495895,0.0753567591309547,0.009221376851201
88,88,0.1919967383146286,0.1835593432188034,0.3878500163555145,0.1660516858100891
89,89,0.2045896798372268,0.180128663778305,0.5068222284317017,0.2838443517684936
90,90,0.1822247207164764,0.1684605777263641,0.0599774532020092,0.0059011415578424
91,91,0.1946981400251388,0.1444974541664123,0.222909927368164,0.0664611235260963
92,92,0.1916394978761673,0.1542065143585205,0.1135803461074829,0.0201431866735219
93,93,0.2011259198188781,0.1365986168384552,0.2340453416109085,0.0853589102625846
94,94,0.1991099417209625,0.1295445263385772,0.0801517888903617,0.0079786265268921
95,95,0.1925176829099655,0.1219989880919456,0.0845350325107574,0.010286453180015
96,96,0.1969182789325714,0.1184920221567154,0.065914362668991,0.0066278241574764
97,97,0.2021417021751403,0.116479605436325,0.1197423934936523,0.0170059259980916
98,98,0.1764952391386032,0.1067317053675651,0.0554953850805759,0.0051380288787186
99,99,0.2015517055988311,0.111372172832489,0.1545561850070953,0.0358353182673454
100,100,0.1984565109014511,0.1045038700103759,0.0703063607215881,0.0074324738234281
101,101,0.2008451521396637,0.0956919565796852,0.6543675661087036,0.4575977325439453
102,102,0.2044672071933746,0.0918601676821708,0.065565600991249,0.0080993119627237
103,103,0.1906499564647674,0.1053312346339225,0.5758850574493408,0.3451922833919525
104,104,0.2089240252971649,0.104748286306858,0.4511048495769501,0.2111206501722335
105,105,0.1928874254226684,0.0901474356651306,0.2464360147714615,0.080026164650917
106,106,0.2080366462469101,0.0928926914930343,0.0777415633201599,0.0096883391961455
107,107,0.2030134797096252,0.0887888818979263,0.1524538993835449,0.0310488808900117
108,108,0.1972778737545013,0.089371845126152,0.0634774640202522,0.0066815577447414
109,109,0.207028329372406,0.093363881111145,0.0512277856469154,0.0050832922570407
110,110,0.198503240942955,0.0848986729979515,0.2156820595264434,0.0567193962633609
111,111,0.1961887925863266,0.093037262558937,0.1137305423617363,0.0160724315792322
112,112,0.209277406334877,0.0874926894903183,0.0939011499285698,0.0152745405212044
113,113,0.1976790577173233,0.0876588597893714,0.1268108785152435,0.0253440663218498
114,114,0.1932590752840042,0.0860574394464492,0.0592847988009452,0.0050231283530592
115,115,0.2151921391487121,0.0962861105799675,0.0788764208555221,0.00872203707695
116,116,0.1835650354623794,0.0831402614712715,0.2447161376476287,0.0640862435102462
117,117,0.202546089887619,0.1055634841322898,0.0794052630662918,0.0082959793508052
118,118,0.1902301609516143,0.0879510790109634,0.06961540132761,0.0066964421421289
119,119,0.1769939512014389,0.0723506659269332,0.2615561783313751,0.08904679864645
120,120,0.2045276015996933,0.0902338847517967,0.1477620750665664,0.024537431076169
121,121,0.2059765607118606,0.0904076024889946,0.1382613331079483,0.0224409773945808
122,122,0.1855081766843795,0.0923286750912666,0.0862535238265991,0.0109826335683465
123,123,0.1981921195983886,0.0855758488178253,0.2688953280448913,0.0788711756467819
124,124,0.2053608745336532,0.0975793004035949,0.1660547703504562,0.0311237648129463
125,125,0.1896000206470489,0.0767257139086723,0.8668140769004822,0.8119074106216431
126,126,0.1886937916278839,0.0871199667453765,0.3511818349361419,0.1312533468008041
127,127,0.200098380446434,0.1105702519416809,0.0318767614662647,0.0021795388311147
128,128,0.1838540732860565,0.0737567916512489,0.0737776085734367,0.0075263082981109
129,129,0.1935939341783523,0.0916697010397911,0.1966675370931625,0.0443594604730606
130,130,0.195856437087059,0.0940776392817497,0.2033219784498214,0.0442786142230033
131,131,0.1980737447738647,0.0974988490343093,0.042255513370037,0.0032078593503683
132,132,0.1931407451629638,0.0777441710233688,0.1028671115636825,0.0144644845277071
133,133,0.2031053304672241,0.0843162164092063,0.1165407970547676,0.0225139614194631
134,134,0.2022015303373336,0.0884498655796051,0.3453125655651092,0.148725539445877
135,135,0.1904498636722564,0.0828620344400405,0.0712618231773376,0.0080312341451644
136,136,0.1874817013740539,0.087737001478672,0.1622203886508941,0.0302139073610305
137,137,0.185705229640007,0.0884132459759712,0.2422965914011001,0.067431166768074
138,138,0.205561026930809,0.0907815247774124,0.3239759802818298,0.113032229244709
139,139,0.1924701482057571,0.0851117074489593,0.1164207085967063,0.0174089111387729
140,140,0.2084559649229049,0.0912884622812271,0.0485293418169021,0.0041311751119792
141,141,0.1944706737995147,0.0804228782653808,0.1219522282481193,0.0249376017600297
142,142,0.2011118531227111,0.0846209973096847,0.4488614499568939,0.2063928395509719
143,143,0.2043721079826355,0.0912046432495117,0.1973895281553268,0.0622733607888221
144,144,0.1911080777645111,0.0807748809456825,0.5811939835548401,0.3695708513259887
145,145,0.2042631208896637,0.0914069712162017,0.0911413803696632,0.0115498816594481
146,146,0.1797868460416793,0.0901242271065712,0.2525598406791687,0.0736975222826004
147,147,0.2104057669639587,0.0829806625843048,0.3044697642326355,0.1013746336102485
148,148,0.2032830417156219,0.0911255627870559,0.3965006172657013,0.1716190129518509
149,149,0.1778524219989776,0.0832799077033996,0.0593072287738323,0.0059736659750342
150,150,0.188086450099945,0.0967399254441261,0.1474999189376831,0.0267075393348932
151,151,0.1992443948984146,0.0861442238092422,0.3954254984855652,0.1704181134700775
152,152,0.2121331393718719,0.0901811048388481,1.8623279333114624,3.8987820148468018
153,153,0.1844196319580078,0.085915058851242,0.8103834986686707,0.7102867364883423
154,154,0.1703389436006546,0.0894645154476165,0.6534649729728699,0.4758621752262115
155,155,0.2008107155561447,0.0937749072909355,0.0754917114973068,0.0094192130491137
156,156,0.1969008296728134,0.0801447406411171,0.1131331697106361,0.0169120747596025
157,157,0.197863832116127,0.0943226814270019,0.1079397797584533,0.0136050563305616
158,158,0.2008452117443084,0.0839000418782234,0.2415144890546798,0.0726696699857711
159,159,0.2250041663646698,0.10777248442173,0.2853928506374359,0.1068612784147262
160,160,0.1772879213094711,0.0788892358541488,0.0325264707207679,0.0023460970260202
161,161,0.1973079144954681,0.0888009294867515,0.0649172365665435,0.0060384552925825
162,162,0.1815496683120727,0.0778510048985481,0.2456588447093963,0.0709811002016067
163,163,0.204101875424385,0.0962008759379386,0.6890153884887695,0.5647357702255249
164,164,0.2074913084506988,0.0947850719094276,0.684157133102417,0.5241270661354065
165,165,0.1882284283638,0.0847510546445846,0.053664706647396,0.0042068888433277
166,166,0.1986286342144012,0.0866165459156036,0.2388372272253036,0.0641228631138801
167,167,0.1734646260738372,0.0862488597631454,0.0804304778575897,0.0106864338740706
168,168,0.1946080923080444,0.0915433689951896,0.1421865820884704,0.0327665768563747
169,169,0.1785701960325241,0.1002527773380279,0.5750575065612793,0.3612041473388672
170,170,0.1994107067584991,0.0815896615386009,0.1798396557569503,0.0417869351804256
171,171,0.2075545340776443,0.0881603360176086,0.1145421937108039,0.016775595024228
172,172,0.1981322765350341,0.0874965786933898,0.0534351989626884,0.0047052232548594
173,173,0.2035744190216064,0.0921317338943481,0.6483351588249207,0.4443366527557373
174,174,0.1969104260206222,0.0969108268618583,0.0476964488625526,0.0037207691930234
175,175,0.18933767080307,0.0744268596172332,0.0771861001849174,0.0110023589804768
176,176,0.2038335800170898,0.0905310064554214,0.0479495674371719,0.0039703310467302
177,177,0.2092573046684265,0.0882816463708877,0.094338521361351,0.014220549724996
178,178,0.1937618255615234,0.0936614573001861,0.0976864323019981,0.0133080901578068
179,179,0.1924426108598709,0.0862944945693016,0.1918781995773315,0.0398290753364563
180,180,0.2090529203414917,0.0977609902620315,0.0417928956449031,0.0030011786147952
181,181,0.181740865111351,0.0746789798140525,0.0779114589095115,0.0112630994990468
182,182,0.2055983990430832,0.0937346294522285,0.0890082567930221,0.0101088797673583
183,183,0.2006868720054626,0.0813765451312065,0.0724765062332153,0.0072416411712765
184,184,0.2042496502399444,0.0831212699413299,0.0398753620684146,0.0029726235661655
185,185,0.1822379827499389,0.0942203849554061,0.0498355887830257,0.004426488187164
186,186,0.2108432054519653,0.0859817415475845,0.6385082602500916,0.4454350173473358
187,187,0.1903374642133712,0.1161552965641021,0.0797526314854621,0.0105647491291165
188,188,0.1848397850990295,0.0812898799777031,0.1664568334817886,0.0339740477502346
189,189,0.2072756886482238,0.0992911010980606,0.2786873281002044,0.090675912797451
190,190,0.1810309886932373,0.0840771719813346,0.2245418280363083,0.0716700032353401
191,191,0.2134005278348922,0.0906523242592811,0.0435445569455623,0.0034699258394539
192,192,0.1878273040056228,0.0846781581640243,0.5345955491065979,0.3434425890445709
193,193,0.1921863108873367,0.0823241546750068,0.6168484687805176,0.4182507693767547
194,194,0.1988581717014312,0.0876818895339965,0.4094191789627075,0.1834215521812439
195,195,0.2050648629665374,0.0941145494580268,0.1083752587437629,0.0157670564949512
196,196,0.1903987228870391,0.09900464117527,0.0589134097099304,0.0064508295617997
197,197,0.1902457326650619,0.0779510736465454,0.109043002128601,0.0194629002362489
198,198,0.1867309212684631,0.0880258083343505,0.1170720532536506,0.0178721584379673
199,199,0.2066673785448074,0.0876510590314865,0.6835219860076904,0.510705292224884
200,200,0.1920373290777206,0.0883959159255027,0.2978751361370086,0.114256776869297
201,201,0.1919876933097839,0.1052587926387786,0.0288030728697776,0.001806600135751
202,202,0.1926518231630325,0.0881599634885788,0.1789543777704239,0.0446438491344451
203,203,0.1773762702941894,0.0767061784863472,0.0514211282134056,0.0045160101726651
204,204,0.2069709599018097,0.086172729730606,0.1570117324590683,0.027217611670494
205,205,0.1803875416517257,0.1081772968173027,0.2348737865686416,0.0579100996255874
206,206,0.1886610835790634,0.0859614983201026,0.032354537397623,0.0021659673657268
207,207,0.193382054567337,0.0970069468021392,0.1290152370929718,0.0199043415486812
208,208,0.2000425308942794,0.0830906257033348,0.0618720427155494,0.0065800044685602
209,209,0.2043229192495346,0.1006332337856292,0.060578353703022,0.0062485677190124
210,210,0.1974362581968307,0.0841411054134368,0.3008529245853424,0.1024138331413269
211,211,0.1924292594194412,0.088707759976387,0.1134687885642051,0.0161952301859855
212,212,0.1877969652414322,0.0826191380620002,0.2011716514825821,0.0717834904789924
213,213,0.1908870190382003,0.0890882015228271,0.1301499754190445,0.0282226577401161
214,214,0.19983571767807,0.0855572000145912,0.2753196656703949,0.0969985201954841
215,215,0.1995122581720352,0.0937031581997871,0.566247820854187,0.3824668228626251
216,216,0.1984878629446029,0.0877251476049423,0.2900783717632293,0.1515838205814361
217,217,0.1879594624042511,0.0976577028632164,0.0456200800836086,0.0036169688683003
218,218,0.1956480294466018,0.0816420018672943,0.2516264915466308,0.0660264492034912
219,219,0.1824394315481186,0.0898669213056564,0.0778508707880973,0.0084005184471607
220,220,0.196944385766983,0.0868020728230476,0.0628648027777671,0.0077889706008136
221,221,0.2015236318111419,0.0882441401481628,0.3391863405704498,0.1280660331249237
222,222,0.203021615743637,0.0869956836104393,0.2606525421142578,0.1118104755878448
223,223,0.2035616785287857,0.0853013396263122,0.4558069407939911,0.2325229197740554
224,224,0.2059446275234222,0.0870346650481224,0.1949505358934402,0.059582233428955
225,225,0.1962256133556366,0.0910064578056335,0.4437606036663055,0.2213660627603531
226,226,0.1995500177145004,0.0876457169651985,0.3860960602760315,0.1908561736345291
227,227,0.204772263765335,0.0922916084527969,0.1823066771030426,0.0365738682448864
228,228,0.1831888258457183,0.0825090557336807,0.6434129476547241,0.4831190407276153
229,229,0.1936135292053222,0.0910706222057342,0.1120963245630264,0.0156739056110382
230,230,0.1972235292196273,0.0829255655407905,0.3399094045162201,0.1225264519453048
231,231,0.209011510014534,0.0861187949776649,0.4675943255424499,0.230897381901741
232,232,0.2041219621896743,0.0852395892143249,0.1194856911897659,0.025019209831953
233,233,0.2179120630025863,0.0974951460957527,0.163971722126007,0.040796510875225
234,234,0.1865785717964172,0.0993939563632011,0.2007299959659576,0.0507908724248409
235,235,0.1926200836896896,0.0833179801702499,0.2351459413766861,0.0613391175866127
236,236,0.2051780968904495,0.1013778001070022,0.0707934349775314,0.0071084508672356
237,237,0.17306450009346,0.097975879907608,0.0930956676602363,0.0122793093323707
238,238,0.1995487660169601,0.1010596975684166,0.0281147174537181,0.0018043633317574
239,239,0.1814620494842529,0.0687841102480888,0.063585415482521,0.005672943778336
240,240,0.1945766806602478,0.0949911102652549,0.1263757050037384,0.0259742923080921
241,241,0.2066122144460678,0.0875992253422737,0.0730287358164787,0.0083421729505062
242,242,0.1960844695568084,0.0938704162836074,0.0487954020500183,0.0040196035988628
243,243,0.199856549501419,0.0883953347802162,0.9127737879753112,0.9471107125282288
244,244,0.1935099214315414,0.0870952755212783,0.0288764219731092,0.0018955451669171
245,245,0.1762859970331192,0.0920462533831596,0.1449101567268371,0.0333567224442958
246,246,0.1981273144483566,0.098402053117752,0.2357593178749084,0.0718638151884079
247,247,0.1846942603588104,0.0803176164627075,0.121368408203125,0.0243132598698139
248,248,0.1972636431455612,0.0880195721983909,0.1378062665462494,0.0284882895648479
249,249,0.1991543173789978,0.0830584913492202,0.0909453704953193,0.0130544761195778
250,250,0.2058042883872985,0.0960763171315193,0.3036946356296539,0.1058236509561538
251,251,0.1908597499132156,0.0812520533800125,0.8101395964622498,0.6768721342086792
252,252,0.2066902369260788,0.1048497781157493,0.0912315919995307,0.0109031908214092
253,253,0.1690491437911987,0.0850660353899002,0.3246379792690277,0.1132790222764015
254,254,0.1970700621604919,0.0897782072424888,0.1174531057476997,0.0214321892708539
255,255,0.1995845139026641,0.0909201875329017,0.0507133416831493,0.0046426043845713
256,256,0.2131324410438537,0.1043977960944175,0.5322321653366089,0.413165271282196
257,257,0.1633747816085815,0.079048678278923,0.1014436110854148,0.0121554676443338
258,258,0.1904054880142212,0.0830022618174552,0.0352269224822521,0.0024936571717262
259,259,0.2070608437061309,0.0918196439743042,0.0511384569108486,0.0045920521952211
260,260,0.1946926265954971,0.0839236080646514,0.0615951307117939,0.0058436971157789
261,261,0.1905890852212906,0.0894090011715889,0.0918449759483337,0.0108991926535964
262,262,0.1983207315206527,0.0856287702918052,0.0364591628313064,0.0027619348838925
263,263,0.2007099241018295,0.0838128924369812,0.1654676049947738,0.0355641730129718
264,264,0.2058214247226715,0.0838523432612419,0.3897028267383575,0.1663797199726104
265,265,0.2071263641119003,0.0831761956214904,0.0542415343225002,0.0045669632963836
266,266,0.1995560377836227,0.0949335396289825,0.416189044713974,0.2078614383935928
267,267,0.195923700928688,0.086993932723999,0.2920074462890625,0.0916263088583946
268,268,0.1934389621019363,0.0865811556577682,0.0301955919712781,0.0019448068924248
269,269,0.1728863716125488,0.1020647957921028,0.1108903959393501,0.0144927073270082
270,270,0.1929866373538971,0.0833162367343902,0.1327045708894729,0.0207652151584625
271,271,0.2047291845083236,0.090969942510128,0.0636922717094421,0.0065343542955815
272,272,0.1755486577749252,0.0974493995308876,0.0913225933909416,0.0132237011566758
273,273,0.2018823772668838,0.0882848873734474,0.1502545475959777,0.026114972308278
274,274,0.1950840502977371,0.0846955329179763,0.0470861531794071,0.0038416536990553
275,275,0.1878097802400589,0.0890983194112777,0.0374555550515651,0.0030471377540379
276,276,0.1930121630430221,0.0934064835309982,0.0649826377630233,0.0063285683281719
277,277,0.2004687339067459,0.0827930122613906,0.2880641520023346,0.0972674638032913
278,278,0.199871152639389,0.0929063111543655,0.1602718979120254,0.0291262362152338
279,279,0.2035110294818878,0.0910784900188446,0.0811060816049575,0.0096486685797572
280,280,0.1930164843797683,0.0805426314473152,0.1526319533586502,0.0266072377562522
281,281,0.187890887260437,0.0916097462177276,0.0744706094264984,0.0080008199438452
282,282,0.1973770409822464,0.0941891297698021,0.3527490198612213,0.1373858898878097
283,283,0.1922938376665115,0.0850303694605827,0.2257611453533172,0.0561619512736797
284,284,0.1968111544847488,0.0867055505514144,0.2542735934257507,0.0895518139004707
285,285,0.2055723220109939,0.0940801501274108,0.0695496574044227,0.0077599114738404
286,286,0.18597312271595,0.0851671993732452,0.1447532325983047,0.0290268082171678
287,287,0.1967287063598632,0.0946899875998497,0.329245388507843,0.1543491780757904
288,288,0.1900748908519745,0.0829857215285301,0.2178807258605957,0.0517423637211322
289,289,0.2110350877046585,0.0938964113593101,0.0395608283579349,0.0031831297092139
290,290,0.1883881986141204,0.0804146900773048,0.0757667422294616,0.0086601674556732
291,291,0.2084897756576538,0.0883186012506485,0.0903287380933761,0.0108298910781741
292,292,0.2067160755395889,0.1049852967262268,0.0323277600109577,0.0021571950055658
293,293,0.1834632754325866,0.0813531950116157,0.108109250664711,0.0153456171974539
294,294,0.2052509486675262,0.0947840809822082,0.0541123710572719,0.0048062624409794
295,295,0.2062161415815353,0.0900798812508583,0.0379283912479877,0.0025235589127987
296,296,0.1987326443195343,0.0852302685379982,0.2087232023477554,0.0891360342502594
297,297,0.1996959149837494,0.0820870026946067,0.4472864866256714,0.2165686786174774
298,298,0.2103862911462783,0.0937822833657264,0.3744103014469147,0.1494704186916351
299,299,0.1794808804988861,0.0822000727057457,0.0743838027119636,0.0092544294893741
300,300,0.197859913110733,0.1021986231207847,0.3451490104198456,0.127850592136383
301,301,0.18766750395298,0.07601860165596,0.0655012354254722,0.0070746596902608
302,302,0.2056661546230316,0.0887931361794471,0.2517977952957153,0.082275740802288
303,303,0.210808664560318,0.0932124033570289,0.1961437612771988,0.0455378368496894
304,304,0.1923031210899353,0.0769290924072265,0.0929510071873664,0.0115418164059519
305,305,0.2065256088972091,0.0875041782855987,0.2081801742315292,0.054412268102169
306,306,0.2057544887065887,0.0876351669430732,0.0702406242489814,0.0080927144736051
307,307,0.1992282271385193,0.0826039835810661,0.8620783090591431,0.8090367317199707
308,308,0.1960515677928924,0.0915557444095611,0.0929856896400451,0.0120399203151464
309,309,0.1636343002319336,0.1123461946845054,0.0510272234678268,0.0043033040128648
310,310,0.2018720060586929,0.0919111520051956,0.1110859960317611,0.0197420250624418
311,311,0.177093893289566,0.0825943052768707,0.1015300676226615,0.0122102843597531
312,312,0.2029053270816803,0.0872870981693267,0.2975039482116699,0.1034193336963653
313,313,0.1849533766508102,0.0957196131348609,0.0896479859948158,0.0106859086081385
314,314,0.2051477432250976,0.1086620241403579,0.0964482203125953,0.0125918583944439
315,315,0.1778341829776764,0.0933935120701789,0.1207205206155777,0.0165263619273901
316,316,0.1823636591434478,0.0863704606890678,0.0686775892972946,0.0079695088788867
317,317,0.1912409514188766,0.0857328101992607,0.7037357091903687,0.5808690786361694
318,318,0.2087649703025818,0.0847341939806938,0.1923620551824569,0.0613274574279785
319,319,0.1888892948627472,0.0932049825787544,0.0771254152059555,0.0116738537326455
320,320,0.1937757730484008,0.0803427323698997,0.319628894329071,0.1107119992375373
321,321,0.2035843431949615,0.0889859125018119,0.094414085149765,0.0167481824755668
322,322,0.2004899531602859,0.0902577340602874,0.1746517568826675,0.0372835919260978
323,323,0.2094886004924774,0.09492988884449,0.1494355648756027,0.0381285808980464
324,324,0.1945931315422058,0.0779921635985374,0.1147103458642959,0.0230447687208652
325,325,0.2033995687961578,0.0871871784329414,0.2573197782039642,0.0846676006913185
326,326,0.2133276164531707,0.0934947803616523,0.1050703004002571,0.0153382644057273
327,327,0.1848568022251129,0.0958811789751052,0.0430635288357734,0.003364527830854
328,328,0.1893529295921325,0.0890239626169204,0.0518752485513687,0.0052046300843358
329,329,0.2042687684297561,0.0870541408658027,0.1781936734914779,0.0382403098046779
330,330,0.1997466087341308,0.0886436626315116,0.1568612605333328,0.0275206081569194
331,331,0.1907353550195694,0.085482582449913,0.0413575880229473,0.0030928940977901
332,332,0.1993405818939209,0.0815105363726615,0.0685712397098541,0.0082033751532435
333,333,0.2042382657527923,0.0868596583604812,0.0472828485071659,0.004499495960772
334,334,0.1681826114654541,0.0998875424265861,0.157911866903305,0.0294034630060195
335,335,0.1989565640687942,0.0883059278130531,0.4399478435516357,0.2081479281187057
336,336,0.1911329925060272,0.0890930518507957,0.3876202404499054,0.1590647995471954
337,337,0.2112179547548294,0.0837827920913696,0.0950648710131645,0.0151795465499162
338,338,0.2162446975708007,0.0877931341528892,0.0838027521967887,0.0111931851133704
339,339,0.2084542214870453,0.0878334045410156,0.0870547741651535,0.0121825020760297
340,340,0.1937850713729858,0.0857639089226722,0.0863651037216186,0.0105856386944651
341,341,0.1903646439313888,0.0938743576407432,0.0850706398487091,0.0095174256712198
342,342,0.2026223540306091,0.0844744816422462,0.5751294493675232,0.3469463288784027
343,343,0.1975917369127273,0.0908740535378456,0.8513888716697693,0.7485518455505371
344,344,0.2119670212268829,0.0813054144382476,0.4033452570438385,0.1740038841962814
345,345,0.197502315044403,0.092113547027111,0.2885752320289612,0.0891991853713989
346,346,0.1974216848611831,0.0982961878180503,0.1030274555087089,0.0132601037621498
347,347,0.1899999678134918,0.0765080600976944,0.0975247174501419,0.0157611370086669
348,348,0.1891665607690811,0.0961016491055488,0.1286263614892959,0.0211073327809572
349,349,0.1969524025917053,0.0941571816802024,0.0924136862158775,0.0110374856740236
350,350,0.2127663344144821,0.092667818069458,0.1648467034101486,0.0326569266617298
351,351,0.1927871704101562,0.0794157013297081,0.2560020089149475,0.0888220444321632
352,352,0.2024469226598739,0.0821097940206527,0.0877152681350708,0.0123620815575122
353,353,0.2184682488441467,0.0959543138742446,0.1707088053226471,0.033825684338808
354,354,0.1846695244312286,0.0793202817440033,0.1454483717679977,0.026136303320527
355,355,0.1913314014673233,0.0924682989716529,0.2574286162853241,0.0742489248514175
356,356,0.2067228108644485,0.0836489051580429,0.2321273386478424,0.0620858930051326
357,357,0.1986715495586395,0.0910656452178955,0.2699092328548431,0.0811519101262092
358,358,0.2176000624895095,0.0930796116590499,0.0503842122852802,0.0038757149595767
359,359,0.1937621086835861,0.0799200534820556,0.1222094595432281,0.0189368780702352
360,360,0.1819793879985809,0.0972744300961494,0.1875902116298675,0.040090873837471
361,361,0.1836086064577102,0.0975867137312889,0.3372291624546051,0.1345864832401275
362,362,0.1917960494756698,0.0851904824376106,0.4336231052875519,0.2163534313440323
363,363,0.1946787238121032,0.0898438096046447,0.051691185683012,0.0045495242811739
364,364,0.2148723006248474,0.1086623892188072,0.0424000695347785,0.0032126696314662
365,365,0.1718541830778122,0.0670896768569946,0.3048933148384094,0.1025243401527404
366,366,0.2094312012195587,0.0851562991738319,0.1203770339488983,0.0164252072572708
367,367,0.1962466984987259,0.1143347173929214,0.0655459612607956,0.0055329320020973
368,368,0.1738224029541015,0.0907478407025337,0.1790971457958221,0.03501658141613
369,369,0.1945840865373611,0.0818987712264061,0.0446369722485542,0.0036030916962772
370,370,0.2177827954292297,0.0878835543990135,0.3554941713809967,0.1429148614406585
371,371,0.192186489701271,0.0847678333520889,0.0984881892800331,0.0160489752888679
372,372,0.2067970633506775,0.0830729305744171,0.0679813176393508,0.0084238490089774
373,373,0.1952995657920837,0.0923056676983833,0.4470682740211487,0.2156262546777725
374,374,0.2033681124448776,0.0882445201277732,0.0586540289223194,0.0053883991204202
375,375,0.2005623281002044,0.0831423625349998,0.0625046789646148,0.0056013911962509
376,376,0.1941104382276535,0.0879523903131485,0.0365950353443622,0.0025405318010598
377,377,0.2141043543815612,0.0883982181549072,0.3313550055027008,0.1286645233631134
378,378,0.2035445123910904,0.082456037402153,0.1607293635606765,0.0354623086750507
379,379,0.1975936293601989,0.1048006787896156,0.0698196738958358,0.0063775894232094
380,380,0.1894393116235733,0.0781395435333252,0.2087928801774978,0.0567902103066444
381,381,0.2106906175613403,0.0878960639238357,0.2478173226118087,0.0672665610909462
382,382,0.1923972964286804,0.0853897482156753,0.3996279239654541,0.1837546974420547
383,383,0.1870318502187729,0.0915267094969749,0.0788876414299011,0.0078386310487985
384,384,0.2047017514705658,0.0913197174668312,0.0440224595367908,0.0034847510978579
385,385,0.1785405427217483,0.0792977735400199,0.1659624576568603,0.0343544110655784
386,386,0.207673043012619,0.08499626070261,0.3227244615554809,0.1194769144058227
387,387,0.2003577053546905,0.0911426618695259,0.0667606070637703,0.0075387214310467
388,388,0.2053250074386596,0.0881863832473754,0.3298815488815307,0.1216056793928146
389,389,0.1971101462841034,0.0911653935909271,0.080751284956932,0.0085762767121195
390,390,0.1985551863908767,0.0837889984250068,0.0969298258423805,0.0159947946667671
391,391,0.2035533338785171,0.0895403400063514,0.1477463245391845,0.0313049964606761
392,392,0.2025724649429321,0.0891822800040245,0.1812408119440078,0.0384010374546051
393,393,0.1917369663715362,0.0813770741224289,0.3580407202243805,0.1412560939788818
394,394,0.195386067032814,0.0857714638113975,0.0728827491402626,0.0090540712699294
395,395,0.1951964944601059,0.0879336297512054,0.2983343005180359,0.0949586927890777
396,396,0.2126585245132446,0.0879755094647407,0.1262783408164978,0.0295420922338962
397,397,0.2050766199827194,0.0918027237057685,0.4538074433803558,0.3371565341949463
398,398,0.1839706152677536,0.0879934132099151,0.1472940742969513,0.0321884341537952
399,399,0.1968209445476532,0.0858885869383812,0.0995943695306778,0.0155066987499594
400,400,0.1963614970445633,0.0917594954371452,0.0393223725259304,0.0027068785857409
401,401,0.1861921399831771,0.0808332115411758,0.2858668863773346,0.0966570153832435
402,402,0.2118699252605438,0.0903460681438446,0.1818086057901382,0.0439670942723751
403,403,0.1943759024143219,0.0781213641166687,0.3419319689273834,0.1377789229154586
404,404,0.1783180683851242,0.1015867963433265,0.1732993125915527,0.03319026902318
405,405,0.2098412215709686,0.0881116613745689,0.2421279549598693,0.0701535493135452
406,406,0.1985243856906891,0.0817243829369545,0.1182634234428405,0.0239013768732547
407,407,0.2049522548913955,0.0911487936973571,0.0545862689614295,0.0047351703979074
408,408,0.2176776081323623,0.0989772677421569,0.1331682503223419,0.0200136005878448
409,409,0.1747332364320755,0.074410855770111,0.3506983518600464,0.1372668147087097
410,410,0.2201565951108932,0.0925659537315368,0.1920230537652969,0.0611044056713581
411,411,0.1963174939155578,0.0855525359511375,0.441776305437088,0.2146070301532745
412,412,0.2036485373973846,0.0839931219816207,0.0641500577330589,0.0056418068706989
413,413,0.2211508750915527,0.1014425531029701,0.0513742193579673,0.0045672613196074
414,414,0.1847164928913116,0.0711258947849273,0.1767108142375946,0.0346455164253711
415,415,0.1977773755788803,0.0891550183296203,0.1005641967058181,0.0164560731500387
416,416,0.2024674117565155,0.0875370800495147,0.0487393215298652,0.0042368988506495
417,417,0.2015277296304702,0.0909504890441894,0.1367194801568985,0.0211609881371259
418,418,0.2095594257116317,0.0872552394866943,0.1605894416570663,0.0388979353010654
419,419,0.2048144936561584,0.0943125337362289,0.170376107096672,0.0345455892384052
420,420,0.1891473978757858,0.0785144716501236,0.1860506385564804,0.0391642563045024
421,421,0.201440617442131,0.0904482305049896,0.0486421063542366,0.0039617717266082
422,422,0.1999700963497162,0.0881888344883918,0.0414497479796409,0.0034542542416602
423,423,0.2149351984262466,0.0852429419755935,0.110155738890171,0.0186719577759504
424,424,0.1984871178865432,0.0859641134738922,0.0474964864552021,0.0040818979032337
425,425,0.1876488178968429,0.0898617804050445,0.0874893739819526,0.0113440882414579
426,426,0.1868204921483993,0.0899174362421035,1.4347538948059082,2.159813165664673
427,427,0.1942846179008484,0.0807831063866615,0.3586102724075317,0.1350313872098922
428,428,0.197001427412033,0.0926091894507408,0.0710809752345085,0.0080555398017168
429,429,0.1809567660093307,0.0927256345748901,0.168386310338974,0.0386317335069179
430,430,0.2068781852722168,0.0899903327226638,0.1734044253826141,0.0352786630392074
431,431,0.1891813576221466,0.0872191488742828,0.325718343257904,0.1196668669581413
432,432,0.214773952960968,0.0884752944111824,0.4523941874504089,0.2269586324691772
433,433,0.2023599743843078,0.0803464204072952,0.0512579530477523,0.0041243378072977
434,434,0.2103774398565292,0.0947597920894622,0.040881298482418,0.0029413364827632
435,435,0.186370700597763,0.081055924296379,0.3784703612327575,0.1508933007717132
436,436,0.2105127125978469,0.0900150537490844,0.0692782551050186,0.0068970927968621
437,437,0.1909437477588653,0.0833595544099807,0.1086113154888153,0.0164200998842716
438,438,0.2063659429550171,0.0895374044775962,0.1734212338924408,0.0396162755787372
439,439,0.2010195851325988,0.0904296487569809,0.2623561322689056,0.0740990489721298
440,440,0.1851207464933395,0.0850698202848434,0.2110634893178939,0.0518274530768394
441,441,0.1787958443164825,0.0940159112215042,0.0884963870048523,0.0123395062983036
442,442,0.1858584880828857,0.0979759320616722,0.0929595604538917,0.0106443157419562
443,443,0.2087941914796829,0.0878306403756141,0.1812230944633484,0.0467622056603431
444,444,0.1762217134237289,0.0887817591428756,0.2657688856124878,0.0768177956342697
445,445,0.1982277780771255,0.0962933599948883,0.588067889213562,0.4888749122619629
446,446,0.1942804604768753,0.088021382689476,0.1395554393529892,0.0215835683047771
447,447,0.198041558265686,0.0918067768216133,0.0584359280765056,0.005993525031954
448,448,0.2004324197769165,0.0865605995059013,0.2047615945339203,0.0494094379246234
449,449,0.2109419256448745,0.0867768973112106,0.4077622592449188,0.1953516900539398
450,450,0.194883719086647,0.0864963233470916,0.1435675770044326,0.0231462493538856
451,451,0.1953943818807602,0.0836206227540969,0.0506295897066593,0.0045877695083618
452,452,0.1913168728351593,0.0919899716973304,0.6414507627487183,0.4550223648548126
453,453,0.1991003602743148,0.0869529321789741,0.1968418806791305,0.0473710335791111
454,454,0.2086638659238815,0.0910803228616714,0.1985963582992553,0.0461039282381534
455,455,0.1964082568883896,0.0803675502538681,0.1888992935419082,0.041168987751007
456,456,0.2045914977788925,0.0871352702379226,0.2611888647079468,0.0787710770964622
457,457,0.2154261916875839,0.0955626666545867,0.079685166478157,0.0128946490585803
458,458,0.187477707862854,0.0782230198383331,0.3158399164676666,0.1152237877249717
459,459,0.213084414601326,0.0848652347922325,0.1789179891347885,0.045980829745531
460,460,0.2061952203512191,0.0955397710204124,0.1452647894620895,0.0256335828453302
461,461,0.1911314129829406,0.0840052217245101,0.1619153767824173,0.0299648940563201
462,462,0.2036057263612747,0.0871681347489357,0.1399548947811126,0.0283220559358596
463,463,0.206998661160469,0.0869023129343986,0.2483422011137008,0.0805840045213699
464,464,0.2032716870307922,0.0893789827823638,0.2173596024513244,0.055545262992382
465,465,0.1862951070070266,0.0847539529204368,0.4433749616146087,0.2075750529766082
466,466,0.2073356956243515,0.08734992146492,0.1268498599529266,0.0212157871574163
467,467,0.2120168656110763,0.0892862156033515,0.1152118593454361,0.0168122742325067
468,468,0.2057438790798187,0.1041961163282394,0.047845933586359,0.003256605239585
469,469,0.17913119494915,0.0920974388718605,0.0529130473732948,0.0046046464703977
470,470,0.1853263527154922,0.0799494460225105,0.3503013551235199,0.1365926414728164
471,471,0.2098720520734787,0.0982032865285873,0.66983962059021,0.5293211936950684
472,472,0.185204416513443,0.0812427774071693,0.4655331075191498,0.3332942128181457
473,473,0.1929666101932525,0.1065968722105026,0.0856318548321724,0.0092544509097933
474,474,0.1773578822612762,0.0748701468110084,0.0444837398827075,0.0030827031005173
475,475,0.2041568160057068,0.0851868540048599,0.1212780103087425,0.0205500498414039
476,476,0.2045496255159378,0.0903916656970977,0.1269399672746658,0.0189766399562358
477,477,0.2211453318595886,0.0899092406034469,0.2392461001873016,0.0595868565142154
478,478,0.1909353584051132,0.0917232036590576,0.0458645187318325,0.0033331729937344
479,479,0.1853992193937301,0.0804859325289726,0.0653767213225364,0.00731877470389
480,480,0.2050377875566482,0.1173441335558891,0.2087655067443847,0.0644774511456489
481,481,0.1790097802877426,0.0688025429844856,0.1799826025962829,0.0373220592737197
482,482,0.1925906389951706,0.085143931210041,0.3220641016960144,0.1340446025133133
483,483,0.2061508446931839,0.0964084565639495,0.0598001740872859,0.0062226769514381
484,484,0.1979987770318985,0.0919045209884643,0.0456183850765228,0.0033434871584177
485,485,0.1868689358234405,0.0897659361362457,0.0481183975934982,0.0039645894430577
486,486,0.1991872042417526,0.0793620720505714,0.2546020448207855,0.0703937336802482
487,487,0.2045359164476394,0.0848748907446861,0.0417272709310054,0.0032882043160498
488,488,0.206231951713562,0.0902414619922638,0.0681290999054908,0.0064094639383256
489,489,0.194601222872734,0.0909549817442894,0.0477460175752639,0.003552274312824
490,490,0.1884884685277938,0.0898325964808464,0.4942565262317657,0.2750861942768097
491,491,0.1884402781724929,0.0909730792045593,0.1639178395271301,0.0500562563538551
492,492,0.1963891983032226,0.0911452993750572,0.1738085895776748,0.034810222685337
493,493,0.175368458032608,0.0932515040040016,0.0889350175857544,0.0110741415992379
494,494,0.2000182718038559,0.0966381356120109,0.0831608176231384,0.0092318607494235
495,495,0.2024524360895156,0.0915124043822288,0.0414626784622669,0.0036273999139666
496,496,0.1988140493631363,0.0852413401007652,0.0698166638612747,0.006190734449774
497,497,0.1825664490461349,0.0887633860111236,0.1295516937971115,0.0192976798862218
498,498,0.2064721584320068,0.0857516750693321,0.1369300335645675,0.0244756210595369
499,499,0.1986704766750335,0.0832661837339401,0.1910210847854614,0.0454405061900615
