epoch,MAE,loss,val_MAE,val_loss
0,1186.27490234375,1547691.625,1129.26611328125,1420670.5
1,1070.7822265625,1291291.5,1014.7711181640625,1179675.25
2,956.7171630859375,1064581.0,901.1641235351562,966903.5625
3,843.4449462890625,865497.3125,788.2393188476562,781442.9375
4,730.91943359375,693953.125,676.4614868164062,623425.1875
5,619.6783447265625,549373.8125,565.9163208007812,492135.21875
6,510.0849609375,431648.8125,457.8992919921875,387419.6875
7,407.1908874511719,339963.03125,364.00872802734375,308480.1875
8,330.9332580566406,273783.59375,309.3356018066406,254419.140625
9,296.05670166015625,231423.015625,291.1133117675781,222957.65625
10,286.86328125,209545.890625,287.4241638183594,209053.953125
11,284.4187316894531,200561.453125,285.15924072265625,203069.296875
12,281.2340087890625,195689.828125,281.21588134765625,198690.25
13,276.9728698730469,191561.15625,276.7938232421875,194706.328125
14,272.41571044921875,187779.0625,272.3345031738281,191060.03125
15,267.9364013671875,184312.421875,267.92767333984375,187726.3125
16,263.5459899902344,181123.28125,263.72540283203125,184642.78125
17,259.33154296875,178179.796875,259.56939697265625,181803.828125
18,255.25392150878906,175451.46875,255.44984436035156,179161.5625
19,251.180908203125,172913.453125,251.4970703125,176696.125
20,247.3402099609375,170533.734375,247.50003051757812,174394.4375
21,243.35345458984375,168299.125,243.81280517578125,172218.359375
22,239.67735290527344,166184.5625,240.11077880859375,170157.453125
23,235.99159240722656,164186.59375,236.54872131347656,168220.171875
24,232.43841552734375,162292.3125,233.0133056640625,166369.1875
25,228.9740753173828,160477.796875,229.52049255371094,164595.5
26,225.48753356933594,158728.71875,226.19444274902344,162886.328125
27,222.2345428466797,157062.328125,222.8766632080078,161262.296875
28,218.9020538330078,155466.03125,219.72476196289062,159706.328125
29,215.81246948242188,153926.953125,216.5503387451172,158197.359375
30,212.7501678466797,152444.765625,213.35552978515625,156754.609375
31,209.5868377685547,151008.53125,210.44898986816406,155351.640625
32,206.64598083496094,149625.375,207.5553436279297,154002.515625
33,203.75537109375,148290.3125,204.6737518310547,152702.890625
34,201.00799560546875,147005.59375,201.73594665527344,151447.71875
35,198.17947387695312,145764.625,198.98480224609375,150243.171875
36,195.46710205078125,144562.546875,196.34898376464844,149070.671875
37,192.7195587158203,143397.5625,193.91015625,147942.484375
38,190.30506896972656,142278.53125,191.3298797607422,146856.140625
39,187.87353515625,141201.546875,188.6273651123047,145810.3125
40,185.28680419921875,140162.9375,186.33306884765625,144802.265625
41,182.902587890625,139159.9375,184.16554260253906,143831.515625
42,180.7368621826172,138184.03125,181.6357421875,142878.953125
43,178.37828063964844,137240.90625,179.46810913085938,141971.84375
44,176.2906494140625,136336.65625,177.09280395507812,141099.84375
45,174.0304718017578,135460.140625,175.1492156982422,140254.609375
46,172.04249572753906,134622.609375,173.08522033691406,139447.390625
47,169.9595947265625,133813.078125,171.25628662109375,138671.171875
48,168.1673583984375,133040.265625,169.18511962890625,137926.65625
49,166.3072967529297,132294.15625,167.06112670898438,137211.0
50,164.24717712402344,131575.171875,165.46676635742188,136522.953125
51,162.62069702148438,130881.53125,163.66627502441406,135852.890625
52,160.97230529785156,130211.1328125,161.54063415527344,135217.25
53,158.8242645263672,129567.671875,160.472412109375,134595.25
54,157.5872344970703,128945.9375,158.4839630126953,134002.625
55,155.81219482421875,128345.5390625,156.82598876953125,133429.734375
56,154.34783935546875,127766.203125,154.96832275390625,132880.234375
57,152.55406188964844,127215.25,153.81373596191406,132354.40625
58,151.14434814453125,126682.890625,152.49085998535156,131848.125
59,149.79971313476562,126166.359375,150.923583984375,131358.28125
60,148.5155792236328,125673.1328125,149.30294799804688,130891.484375
61,146.94931030273438,125198.0859375,148.0245819091797,130440.21875
62,145.51055908203125,124736.4921875,147.03392028808594,130002.8671875
63,144.45335388183594,124296.5,145.44097900390625,129588.6171875
64,142.81982421875,123862.3515625,144.7622528076172,129178.15625
65,142.22010803222656,123452.4296875,142.81643676757812,128793.953125
66,140.58213806152344,123056.5703125,141.80909729003906,128420.203125
67,139.4217987060547,122673.8125,140.92117309570312,128059.6953125
68,138.48728942871094,122304.484375,139.61756896972656,127713.9296875
69,137.41685485839844,121951.5,138.3402099609375,127385.0
70,136.39332580566406,121607.5703125,137.12030029296875,127062.03125
71,135.16709899902344,121271.6953125,136.35791015625,126745.1328125
72,134.22239685058594,120949.65625,135.44911193847656,126444.0703125
73,133.1114959716797,120638.5078125,134.9652099609375,126154.7265625
74,132.45697021484375,120342.03125,133.96128845214844,125877.4296875
75,131.55772399902344,120050.5546875,132.88478088378906,125604.3515625
76,130.5689697265625,119766.4921875,132.11367797851562,125339.8671875
77,129.7497100830078,119492.8125,131.3769989013672,125086.203125
78,128.95188903808594,119228.8046875,130.6026611328125,124840.109375
79,128.42601013183594,118973.09375,129.06439208984375,124606.7734375
80,127.31029510498047,118724.3984375,128.5047607421875,124372.6875
81,126.58023834228516,118480.828125,127.90906524658203,124147.28125
82,125.99592590332031,118246.328125,126.96186828613281,123931.5
83,125.15269470214844,118017.5546875,126.37041473388672,123717.625
84,124.43391418457031,117795.875,125.82923889160156,123512.328125
85,123.96144104003906,117581.0,124.8758544921875,123316.0546875
86,123.05108642578125,117370.1953125,124.5569076538086,123117.2265625
87,122.54336547851562,117165.8515625,123.9903335571289,122929.0
88,122.0444564819336,116964.078125,123.17823791503906,122742.546875
89,121.14712524414062,116767.7578125,122.93695831298828,122560.09375
90,120.78072357177734,116576.703125,122.25794219970703,122383.96875
91,120.02505493164062,116389.265625,121.94391632080078,122210.046875
92,119.88790130615234,116205.8359375,120.80750274658203,122042.25
93,119.0625991821289,116027.390625,120.14441680908203,121877.6484375
94,118.45973205566406,115852.53125,119.78688049316406,121716.078125
95,117.80224609375,115680.046875,119.61089324951172,121555.125
96,117.62215423583984,115512.984375,118.99044799804688,121401.609375
97,116.9468765258789,115348.8828125,118.5488052368164,121249.890625
98,116.7667007446289,115187.9765625,117.5134506225586,121104.15625
99,115.92498779296875,115031.25,117.2828598022461,120957.8828125
100,115.4889907836914,114876.1015625,116.81057739257812,120813.640625
101,114.78250885009766,114721.7734375,116.93711853027344,120670.40625
102,114.67991638183594,114573.0078125,116.22979736328125,120533.6796875
103,114.31591796875,114426.703125,115.14057159423828,120401.3828125
104,113.540283203125,114283.5078125,115.15065002441406,120266.84375
105,113.23129272460938,114141.4140625,114.6355972290039,120134.90625
106,112.71048736572266,114002.484375,114.28514099121094,120007.4609375
107,112.14456176757812,113865.2734375,114.27762603759766,119879.3125
108,112.10350036621094,113730.8984375,113.25858306884766,119757.203125
109,111.54176330566406,113597.7109375,112.76307678222656,119634.421875
110,110.84333038330078,113466.4765625,112.8315200805664,119510.5234375
111,110.66820526123047,113338.0859375,112.2384262084961,119393.90625
112,110.241943359375,113212.7421875,111.79739379882812,119278.53125
113,109.78958892822266,113090.6796875,111.3820571899414,119164.484375
114,109.38419342041016,112965.109375,110.84439086914062,119048.046875
115,108.90142822265625,112843.25,110.7197265625,118935.28125
116,108.582763671875,112724.0625,110.23477935791016,118825.921875
117,108.14999389648438,112606.8203125,109.87157440185547,118717.828125
118,107.86933898925781,112491.8828125,109.14680480957031,118612.390625
119,107.27271270751953,112378.8828125,109.00020599365234,118506.65625
120,106.93347930908203,112266.234375,108.71318817138672,118402.75
121,106.57361602783203,112154.390625,108.3749771118164,118299.6015625
122,106.24861145019531,112045.796875,107.75779724121094,118200.8203125
123,105.67848205566406,111938.125,107.63130950927734,118100.3359375
124,105.474853515625,111833.4921875,107.07699584960938,118004.7890625
125,105.14020538330078,111729.734375,106.4375,117909.4609375
126,104.65113067626953,111628.421875,106.10586547851562,117815.9921875
127,104.3272476196289,111528.15625,105.5738296508789,117723.890625
128,103.66952514648438,111427.96875,105.7300796508789,117630.3046875
129,103.63356018066406,111330.6171875,105.03568267822266,117541.875
130,103.17642211914062,111234.4296875,104.66317749023438,117452.40625
131,102.66761779785156,111139.5546875,104.57726287841797,117363.6953125
132,102.46334075927734,111046.609375,104.01378631591797,117278.5078125
133,101.9919662475586,110954.8359375,103.78001403808594,117193.1015625
134,101.86322784423828,110865.4765625,102.86654663085938,117115.4765625
135,101.19788360595703,110777.7734375,103.12303924560547,117030.9921875
136,101.0171890258789,110692.0859375,102.76242065429688,116951.25
137,100.34461212158203,110604.9375,103.01923370361328,116870.4921875
138,100.71327209472656,110518.2734375,101.5739974975586,116792.546875
139,99.765380859375,110434.796875,101.50135803222656,116714.5390625
140,99.67227172851562,110352.59375,100.91913604736328,116640.5390625
141,99.23054504394531,110272.515625,100.40174865722656,116567.375
142,98.95706176757812,110192.0546875,99.77635955810547,116496.9921875
143,98.35980987548828,110114.484375,99.96221923828125,116420.7265625
144,98.23600006103516,110037.7421875,99.3907241821289,116350.9296875
145,97.5293960571289,109962.1640625,99.74903869628906,116279.0078125
146,97.72840118408203,109888.2421875,98.73297119140625,116214.8359375
147,96.97164916992188,109816.265625,98.85901641845703,116145.109375
148,96.95638275146484,109743.96875,98.15638732910156,116080.8828125
149,96.25371551513672,109673.5859375,98.27255249023438,116014.5234375
150,96.32027435302734,109605.3203125,97.56554412841797,115953.15625
151,95.62552642822266,109535.7890625,97.54531860351562,115887.9296875
152,95.32522583007812,109469.0234375,97.78224182128906,115827.0078125
153,95.71802520751953,109404.9375,96.25067901611328,115772.46875
154,94.5020751953125,109340.7421875,96.7076416015625,115708.796875
155,94.51514434814453,109276.84375,96.2949447631836,115650.1484375
156,94.18047332763672,109215.1640625,95.96407318115234,115593.640625
157,93.82308959960938,109154.6484375,95.78749084472656,115537.6484375
158,93.69273376464844,109095.40625,95.09862518310547,115485.0703125
159,93.1524429321289,109035.5546875,94.98570251464844,115428.4453125
160,93.09626007080078,108978.328125,94.3573989868164,115378.21875
161,92.67574310302734,108920.5625,93.85340881347656,115326.3046875
162,92.24307250976562,108864.9296875,93.81828308105469,115274.75
163,91.70665740966797,108810.65625,94.284912109375,115222.4375
164,92.10266876220703,108757.8515625,93.15029907226562,115176.5859375
165,91.29703521728516,108706.8671875,93.1079330444336,115128.9140625
166,91.0046615600586,108655.2265625,93.16856384277344,115079.59375
167,90.97518157958984,108605.453125,92.61910247802734,115035.8046875
168,90.74873352050781,108556.109375,91.96917724609375,114993.0859375
169,90.43472290039062,108507.046875,91.26810455322266,114952.109375
170,89.67781829833984,108461.4375,91.83476257324219,114903.7265625
171,89.6398696899414,108414.96875,91.78176879882812,114859.7890625
172,89.55020904541016,108370.421875,91.2702407836914,114820.890625
173,88.97186279296875,108325.2109375,91.60113525390625,114778.03125
174,89.0438232421875,108282.3515625,91.0900650024414,114739.828125
175,88.61407470703125,108240.84375,90.9494400024414,114701.3203125
176,88.48169708251953,108199.46875,90.52498626708984,114663.375
177,88.04215240478516,108159.46875,90.39450073242188,114626.40625
178,88.13452911376953,108120.3125,89.64517974853516,114593.140625
179,87.46682739257812,108081.5234375,89.92096710205078,114555.53125
180,87.54534912109375,108043.7734375,89.2539291381836,114522.5859375
181,87.12722778320312,108005.8984375,89.20792388916016,114487.0
182,86.91928100585938,107970.125,88.99588012695312,114455.1328125
183,86.84907531738281,107936.4921875,88.4881591796875,114425.125
184,86.37129211425781,107901.9296875,88.5282974243164,114392.3046875
185,86.23028564453125,107867.9375,88.3898696899414,114360.8515625
186,86.04087829589844,107834.9765625,88.29534912109375,114330.9296875
187,85.89523315429688,107803.3984375,87.94954681396484,114302.484375
188,85.8989028930664,107772.1484375,87.19041442871094,114276.9765625
189,85.33048248291016,107741.7265625,87.23389434814453,114246.828125
190,85.15495300292969,107711.9375,87.43189239501953,114218.265625
191,85.0439224243164,107682.2109375,87.13941955566406,114191.625
192,85.01461791992188,107654.0078125,86.52642059326172,114168.3671875
193,84.615234375,107625.5703125,86.50936126708984,114140.5234375
194,84.5967025756836,107598.21875,86.00651550292969,114118.6484375
195,84.09083557128906,107572.21875,86.36184692382812,114091.2578125
196,84.04362487792969,107545.7109375,86.44063568115234,114066.21875
197,83.81425476074219,107520.609375,86.65798950195312,114042.34375
198,84.04834747314453,107496.40625,85.84201049804688,114021.25
199,83.59095001220703,107471.9140625,85.90201568603516,113998.1796875
200,83.32272338867188,107446.2890625,86.13806915283203,113974.2421875
201,83.45243835449219,107424.6171875,85.65506744384766,113954.5859375
202,83.4872055053711,107401.140625,84.69561767578125,113937.765625
203,82.58816528320312,107378.328125,85.62836456298828,113912.0390625
204,83.15725708007812,107356.8671875,84.83079528808594,113894.0078125
205,82.62295532226562,107336.3125,84.87777709960938,113874.0625
206,82.49093627929688,107315.4921875,85.08550262451172,113853.59375
207,82.67361450195312,107295.4765625,84.47797393798828,113836.5625
208,82.2923355102539,107275.4453125,84.51429748535156,113817.15625
209,82.41835021972656,107255.5,84.06249237060547,113800.4921875
210,81.8447036743164,107234.9140625,84.60202026367188,113779.6328125
211,82.06977844238281,107216.953125,84.29117584228516,113762.2890625
212,81.87323760986328,107198.328125,84.1410903930664,113744.7734375
213,81.86866760253906,107180.2265625,83.82636260986328,113728.6796875
214,81.65446472167969,107162.375,83.73159790039062,113712.0390625
215,81.32820892333984,107144.1875,84.19425201416016,113693.5546875
216,81.42534637451172,107126.9921875,84.15763854980469,113676.90625
217,81.80037689208984,107109.46875,83.135986328125,113665.0078125
218,81.14744567871094,107093.640625,83.32722473144531,113647.5390625
219,81.41242980957031,107076.640625,82.68685150146484,113635.8203125
220,80.83080291748047,107060.9140625,83.33358764648438,113615.34375
221,80.8564453125,107044.484375,83.59555053710938,113599.1171875
222,81.24462890625,107028.375,82.76191711425781,113587.484375
223,80.63915252685547,107013.328125,83.22992706298828,113569.78125
224,81.0159683227539,106997.4765625,82.53589630126953,113558.4140625
225,80.30990600585938,106981.921875,83.38452911376953,113539.4765625
226,80.91461181640625,106967.6171875,82.56985473632812,113528.328125
227,80.31459045410156,106952.6171875,83.035400390625,113511.5859375
228,80.55973052978516,106938.359375,82.94022369384766,113497.5859375
229,80.36384582519531,106923.859375,82.96138000488281,113483.5703125
230,80.63324737548828,106909.59375,82.41463470458984,113471.9375
231,80.23873138427734,106895.828125,82.4196548461914,113457.734375
232,80.26702117919922,106881.7265625,82.39009094238281,113444.40625
233,80.1580581665039,106867.7421875,82.41084289550781,113430.4140625
234,79.87870788574219,106853.453125,83.02977752685547,113415.3828125
235,80.29438781738281,106840.9375,82.43937683105469,113403.609375
236,80.154052734375,106827.296875,81.95043182373047,113392.9609375
237,79.95567321777344,106814.828125,81.94902038574219,113379.75
238,79.77075958251953,106801.6484375,82.20590209960938,113365.359375
239,79.92814636230469,106788.7421875,82.12724304199219,113352.890625
240,80.04632568359375,106775.6015625,81.53462219238281,113343.609375
241,79.70655822753906,106763.03125,81.70474243164062,113329.5703125
242,79.63578033447266,106750.6015625,81.91038513183594,113315.65625
243,79.5857925415039,106738.0703125,82.08807373046875,113302.2421875
244,79.60086059570312,106725.578125,82.16960906982422,113289.5859375
245,79.7585220336914,106713.4609375,81.82005310058594,113278.640625
246,79.61726379394531,106700.546875,81.77886199951172,113266.4453125
247,79.39569091796875,106688.3984375,82.11109924316406,113252.765625
248,79.45005798339844,106675.9140625,82.37168884277344,113239.5625
249,79.95751953125,106663.03125,81.14965057373047,113233.1796875
250,79.1331558227539,106652.625,81.8702392578125,113216.8828125
251,79.44818115234375,106640.65625,81.71514892578125,113205.578125
252,79.60612487792969,106628.375,81.17940521240234,113196.484375
253,79.19397735595703,106617.03125,81.68693542480469,113181.40625
254,79.38152313232422,106604.96875,81.31958770751953,113171.4609375
255,79.1683349609375,106593.8359375,81.62972259521484,113158.234375
256,79.45281982421875,106581.796875,81.0688247680664,113149.7109375
257,79.06553649902344,106570.375,81.33460235595703,113136.140625
258,79.29798126220703,106558.34375,81.1399917602539,113125.6015625
259,79.03382873535156,106547.4609375,81.42291259765625,113112.2578125
260,79.1385726928711,106536.2265625,81.52970886230469,113100.0625
261,79.03241729736328,106524.6953125,81.67182159423828,113087.6328125
262,79.17266845703125,106513.2734375,81.34104919433594,113077.1796875
263,79.26862335205078,106501.1640625,80.91368865966797,113067.8828125
264,78.6603012084961,106489.84375,81.79681396484375,113052.2890625
265,79.35323333740234,106479.0625,81.1019058227539,113043.3984375
266,78.78289794921875,106467.8359375,81.49034118652344,113030.34375
267,79.09310150146484,106456.859375,81.5161361694336,113018.90625
268,78.95681762695312,106445.6953125,81.5079116821289,113007.3828125
269,79.28720092773438,106434.1953125,80.74501037597656,112999.8984375
270,78.75669860839844,106423.8828125,81.17440032958984,112985.953125
271,78.90557861328125,106412.90625,81.2157211303711,112974.484375
272,78.99404907226562,106400.7890625,81.08796691894531,112963.609375
273,78.79940032958984,106390.75,81.15910339355469,112951.8671875
274,78.92825317382812,106379.7890625,81.01470184326172,112941.4375
275,78.60142517089844,106368.5859375,81.57292938232422,112928.25
276,78.89965057373047,106358.359375,81.42398834228516,112917.375
277,78.83480834960938,106347.546875,81.32560729980469,112906.515625
278,78.81978607177734,106336.3828125,81.20014953613281,112895.84375
279,79.0182113647461,106325.8203125,80.79159545898438,112886.65625
280,79.00682830810547,106314.7421875,80.2572021484375,112879.375
281,78.4988784790039,106305.2265625,80.82554626464844,112864.3515625
282,78.70703125,106293.8359375,80.9926528930664,112852.4453125
283,78.76011657714844,106283.8828125,80.8535385131836,112842.0703125
284,78.76854705810547,106273.0546875,80.79119873046875,112831.515625
285,78.7490005493164,106262.59375,80.70171356201172,112820.8671875
286,78.75140380859375,106252.0,80.70697021484375,112809.890625
287,78.680908203125,106240.609375,80.74174499511719,112798.734375
288,78.69523620605469,106230.375,80.6614990234375,112788.1875
289,78.46778869628906,106220.1875,80.98860168457031,112775.4453125
290,78.75099182128906,106209.34375,80.95764923095703,112764.8359375
291,78.52220153808594,106199.40625,81.10848999023438,112753.3671875
292,78.69987487792969,106188.9765625,80.80107879638672,112743.9765625
293,78.6175308227539,106178.59375,80.92626190185547,112732.234375
294,78.6157455444336,106168.4140625,80.86164093017578,112721.6640625
295,78.54339599609375,106157.9375,80.91912841796875,112710.703125
296,78.78336334228516,106147.3828125,80.39164733886719,112702.984375
297,78.21202087402344,106137.2734375,81.2900619506836,112688.0859375
298,78.8020248413086,106127.03125,80.74456787109375,112679.5703125
299,78.48995971679688,106117.375,80.78997039794922,112668.5859375
300,78.70428466796875,106106.7265625,80.55706787109375,112659.3125
301,78.43742370605469,106097.078125,80.62374877929688,112648.3359375
302,78.6856918334961,106085.96875,80.27708435058594,112639.8828125
303,78.18351745605469,106076.09375,80.99508666992188,112625.15625
304,78.81216430664062,106066.0078125,80.37749481201172,112617.59375
305,78.39998626708984,106056.171875,80.6102294921875,112605.671875
306,78.58454132080078,106046.0703125,80.32775115966797,112596.875
307,78.3614730834961,106036.171875,80.53089904785156,112584.7890625
308,78.1822280883789,106025.1328125,81.31932830810547,112571.4296875
309,78.79642486572266,106015.71875,80.46825408935547,112564.1953125
310,78.4261245727539,106005.6796875,80.4788589477539,112553.5859375
311,78.54437255859375,105995.6015625,80.4173812866211,112543.171875
312,78.12191009521484,105985.2265625,81.0808334350586,112529.8515625
313,78.55513763427734,105975.859375,80.83833312988281,112520.390625
314,78.25384521484375,105965.7265625,81.31884765625,112508.5078125
315,78.60111999511719,105956.203125,80.85213470458984,112499.6015625
316,78.74508666992188,105945.6171875,80.23490905761719,112492.2890625
317,78.06372833251953,105935.7890625,81.1515121459961,112477.328125
318,78.86334228515625,105925.0859375,79.99735260009766,112472.65625
319,78.15367889404297,105915.796875,80.70099639892578,112457.7265625
320,78.42918395996094,105905.7734375,80.63993835449219,112447.390625
321,78.28618621826172,105895.3671875,80.87501525878906,112435.90625
322,78.51261138916016,105886.3359375,80.52308654785156,112427.0859375
323,78.13935852050781,105875.8203125,81.12425231933594,112414.3828125
324,78.28418731689453,105865.9453125,81.26363372802734,112403.6796875
325,78.68403625488281,105856.6953125,80.55908966064453,112395.6484375
326,78.1939926147461,105846.296875,80.9027328491211,112383.7265625
327,78.39701843261719,105836.328125,80.82560729980469,112373.5625
328,78.51990509033203,105826.7109375,80.54840850830078,112364.671875
329,78.34107971191406,105817.375,80.4707260131836,112354.8984375
330,78.27458953857422,105807.5390625,80.7864990234375,112343.1484375
331,78.33135986328125,105797.46875,80.77865600585938,112332.859375
332,78.31660461425781,105787.8203125,80.89324188232422,112322.1484375
333,78.36212921142578,105777.984375,80.82811737060547,112312.0703125
334,78.32587432861328,105767.9921875,80.9336929321289,112301.53125
335,78.24994659423828,105758.3828125,81.06695556640625,112290.9140625
336,78.47389221191406,105748.8671875,80.79918670654297,112281.5078125
337,78.34952545166016,105739.4609375,80.84111022949219,112271.109375
338,78.28752136230469,105729.78125,80.84158325195312,112260.8515625
339,78.51359558105469,105720.2421875,80.3759994506836,112252.78125
340,78.32833862304688,105710.6328125,80.29163360595703,112243.5234375
341,78.2039794921875,105701.6015625,80.6899185180664,112231.4609375
342,78.06771850585938,105691.1640625,81.26817321777344,112219.9296875
343,78.67961120605469,105682.234375,80.30533599853516,112213.1875
344,78.15800476074219,105672.84375,80.62446594238281,112201.3359375
345,78.43014526367188,105662.8203125,80.40382385253906,112192.40625
346,78.427490234375,105653.5546875,80.11817932128906,112184.1640625
347,78.0775375366211,105643.65625,80.69415283203125,112171.0390625
348,78.49481964111328,105634.1953125,80.25509643554688,112163.1328125
349,78.04398345947266,105625.3828125,80.82770538330078,112150.484375
350,78.29976654052734,105615.3515625,80.88277435302734,112140.1796875
351,78.46440124511719,105605.9609375,80.42462921142578,112131.9765625
352,78.22429656982422,105597.0546875,80.53949737548828,112121.609375
353,78.23319244384766,105587.328125,80.70049285888672,112111.015625
354,78.33431243896484,105577.765625,80.61621856689453,112101.421875
355,78.42994689941406,105568.4453125,80.30552673339844,112093.125
356,78.1274185180664,105559.75,80.6278305053711,112081.609375
357,78.4300308227539,105550.3046875,80.4966049194336,112072.1875
358,78.29106903076172,105540.65625,80.52783966064453,112062.0546875
359,78.32637786865234,105531.0703125,80.54907989501953,112052.203125
360,78.43033599853516,105521.4140625,80.17708587646484,112044.3203125
361,78.06684112548828,105512.3515625,80.73140716552734,112031.25
362,78.35256958007812,105502.8671875,80.6585464477539,112021.6171875
363,78.23268127441406,105493.3671875,80.78833770751953,112011.203125
364,78.26618957519531,105483.9609375,80.72177124023438,112001.5234375
365,78.58511352539062,105474.234375,80.20227813720703,111994.3984375
366,78.131103515625,105465.1796875,80.57171630859375,111982.6171875
367,78.09965515136719,105455.640625,81.04007720947266,111971.375
368,78.58354949951172,105447.3515625,80.33816528320312,111964.359375
369,78.37548065185547,105438.0859375,80.07844543457031,111956.390625
370,78.20135498046875,105428.7890625,80.3599853515625,111944.7734375
371,78.24897766113281,105419.796875,80.36587524414062,111934.953125
372,78.327392578125,105410.5234375,80.30205535888672,111925.5546875
373,78.29000854492188,105401.640625,80.26705932617188,111916.015625
374,78.12157440185547,105391.984375,80.64252471923828,111904.203125
375,77.9334716796875,105381.6015625,81.40957641601562,111892.8828125
376,78.7186279296875,105374.09375,80.36747741699219,111886.25
377,78.1268310546875,105364.6484375,80.81692504882812,111874.4921875
378,78.47687530517578,105355.359375,80.28502655029297,111867.1953125
379,78.19100952148438,105346.328125,80.5048599243164,111856.40625
380,78.3340835571289,105336.921875,80.44683837890625,111847.0859375
381,78.22173309326172,105327.921875,80.53050231933594,111836.9765625
382,78.40027618408203,105319.0859375,80.3138198852539,111828.328125
383,78.29871368408203,105309.828125,80.35011291503906,111818.5234375
384,78.24258422851562,105300.8125,80.47531127929688,111808.2734375
385,78.28922271728516,105291.9375,80.40449523925781,111799.140625
386,78.23078918457031,105282.8828125,80.654296875,111788.375
387,78.07881927490234,105273.1015625,81.12936401367188,111777.1171875
388,78.4842758178711,105264.2890625,80.61418914794922,111769.0
389,78.14674377441406,105255.4609375,80.94017791748047,111758.40625
390,78.3369140625,105246.71875,80.8322982788086,111749.15625
391,78.25253295898438,105236.9375,81.1553955078125,111738.703125
392,78.09148406982422,105227.390625,81.48283386230469,111728.7421875
393,78.73181915283203,105219.4453125,80.50362396240234,111721.5078125
394,78.17941284179688,105210.34375,80.58702850341797,111711.5
395,78.56207275390625,105200.5390625,80.11602783203125,111704.71875
396,78.01983642578125,105192.0,80.8612060546875,111691.4609375
397,78.68658447265625,105182.703125,79.98223114013672,111686.828125
398,78.2813720703125,105174.34375,80.02822875976562,111676.78125
399,77.82575225830078,105164.4375,81.1908187866211,111662.171875
400,78.55328369140625,105156.8515625,80.64550018310547,111654.2734375
401,78.0925521850586,105146.9921875,81.05998992919922,111643.5078125
402,78.65404510498047,105138.7890625,80.44137573242188,111636.546875
403,78.17374420166016,105129.9296875,80.73709106445312,111625.7421875
404,78.17322540283203,105120.8046875,81.0045166015625,111615.46875
405,78.75959014892578,105111.453125,79.88672637939453,111611.859375
406,78.15889739990234,105103.21875,80.34710693359375,111599.2109375
407,78.34811401367188,105094.296875,80.23796844482422,111590.703125
408,78.3663330078125,105085.546875,80.16067504882812,111581.8671875
409,78.40668487548828,105076.15625,79.97086334228516,111574.2578125
410,77.89698791503906,105067.7421875,80.88700103759766,111559.859375
411,78.45323944091797,105059.4609375,80.62274169921875,111551.6328125
412,78.41140747070312,105050.7734375,80.46611022949219,111542.9921875
413,78.0931167602539,105041.140625,80.97840881347656,111531.3671875
414,78.57704162597656,105032.703125,80.35823059082031,111524.421875
415,78.15512084960938,105023.9609375,80.82608032226562,111512.90625
416,78.24968719482422,105014.8359375,80.92548370361328,111503.2265625
417,78.74427795410156,105005.9765625,80.0691909790039,111498.7265625
418,78.12799072265625,104998.1953125,80.58304595947266,111486.28125
419,78.739990234375,104987.625,79.63001251220703,111484.25
420,77.87126159667969,104980.859375,80.7358627319336,111467.21875
421,78.64737701416016,104971.2421875,80.04042053222656,111461.875
422,78.01761627197266,104963.078125,80.79882049560547,111448.265625
423,78.70315551757812,104953.359375,79.97837829589844,111443.6953125
424,77.92384338378906,104945.125,80.9922103881836,111429.046875
425,78.40701293945312,104936.921875,80.92203521728516,111419.9453125
426,78.458251953125,104928.640625,80.62567901611328,111411.875
427,78.23794555664062,104919.0625,80.94068145751953,111401.3203125
428,78.34481811523438,104910.53125,80.90438842773438,111392.1796875
429,78.38204193115234,104901.9296875,80.84654998779297,111383.0390625
430,78.61363220214844,104892.953125,80.21189880371094,111377.2109375
431,78.30032348632812,104884.453125,80.4533920288086,111366.359375
432,78.28772735595703,104876.0234375,80.7423095703125,111355.796875
433,78.26289367675781,104867.03125,80.98751831054688,111345.984375
434,78.44375610351562,104858.53125,80.86450958251953,111336.890625
435,78.38721466064453,104849.53125,80.70863342285156,111328.3046875
436,78.45819091796875,104841.15625,80.63433837890625,111319.609375
437,78.24434661865234,104832.359375,81.02559661865234,111309.2890625
438,78.45040893554688,104824.828125,80.81800079345703,111300.7265625
439,78.3861312866211,104815.7578125,80.835205078125,111291.6953125
440,78.556640625,104807.125,80.42294311523438,111284.609375
441,78.31952667236328,104798.734375,80.8521957397461,111273.0
442,78.60144805908203,104789.921875,80.2891616821289,111266.8359375
443,78.20939636230469,104781.328125,80.91278076171875,111254.6484375
444,78.36438751220703,104772.921875,80.95953369140625,111245.390625
445,78.52641296386719,104764.5859375,80.6539077758789,111237.5546875
446,78.38146209716797,104756.1328125,80.7374038696289,111228.0078125
447,78.26875305175781,104746.890625,81.23841094970703,111217.5625
448,78.82848358154297,104738.71875,80.24524688720703,111213.0
449,78.22848510742188,104731.0390625,80.71087646484375,111201.34375
450,78.48562622070312,104722.3671875,80.67047882080078,111192.671875
451,78.2671890258789,104713.65625,81.00433349609375,111182.2890625
452,78.65583038330078,104705.0546875,80.47496032714844,111175.6796875
453,78.38878631591797,104696.8984375,80.67037963867188,111165.703125
454,78.25726318359375,104687.765625,81.14295959472656,111155.0078125
455,78.7160415649414,104679.8125,80.53620910644531,111148.4140625
456,78.18009185791016,104671.3125,81.10028076171875,111137.28125
457,78.77706146240234,104662.6953125,80.25975799560547,111132.3984375
458,78.07683563232422,104653.8984375,81.34046936035156,111118.703125
459,78.52082824707031,104646.2890625,81.25616455078125,111109.8046875
460,78.69440460205078,104638.125,80.59635162353516,111103.2890625
461,78.32784271240234,104629.4140625,80.97408294677734,111092.8125
462,78.52198791503906,104621.2421875,80.85256958007812,111084.2265625
463,78.50868225097656,104613.109375,80.82035064697266,111075.6015625
464,78.52435302734375,104604.4765625,80.74779510498047,111067.03125
465,78.43617248535156,104596.4921875,80.89427947998047,111057.53125
466,78.66522216796875,104587.5703125,80.44486999511719,111051.1484375
467,78.64359283447266,104579.09375,80.12501525878906,111044.5078125
468,78.18700408935547,104571.421875,80.9079360961914,111030.734375
469,78.46765899658203,104562.7265625,80.96244049072266,111021.796875
470,78.62995147705078,104554.4921875,80.6994400024414,111014.1796875
471,78.31250762939453,104546.296875,81.10183715820312,111003.8671875
472,78.44895935058594,104537.8125,81.26657104492188,110994.625
473,78.60726928710938,104530.0390625,81.08358764648438,110986.34375
474,78.80884552001953,104521.5390625,80.59825897216797,110979.8359375
475,78.55929565429688,104513.5,80.523681640625,110971.5234375
476,78.5181884765625,104505.4296875,80.52212524414062,110962.6875
477,78.62664794921875,104496.46875,80.3406982421875,110955.15625
478,78.49591827392578,104489.0703125,80.47187042236328,110945.5625
479,78.30048370361328,104480.640625,81.14234161376953,110933.6875
480,78.51152038574219,104472.453125,81.26396942138672,110924.703125
481,78.67155456542969,104464.421875,80.86864471435547,110917.265625
482,78.40476989746094,104455.546875,81.29065704345703,110907.390625
483,78.7093734741211,104448.3515625,80.97734069824219,110899.578125
484,78.85487365722656,104439.84375,80.4465560913086,110893.8125
485,78.21284484863281,104430.890625,81.35116577148438,110881.3125
486,78.75463104248047,104423.9609375,80.80683135986328,110874.609375
487,78.77462768554688,104415.2109375,80.4396743774414,110868.078125
488,78.4891128540039,104407.796875,80.72261810302734,110857.703125
489,78.52970123291016,104399.6015625,80.84783935546875,110848.3046875
490,78.67221069335938,104391.828125,80.65648651123047,110840.9921875
491,78.61775970458984,104383.4140625,80.56755065917969,110832.65625
492,78.38510131835938,104374.4453125,81.2120590209961,110820.8515625
493,78.7752914428711,104366.21875,80.78193664550781,110813.96875
494,78.76934814453125,104358.03125,80.31383514404297,110808.3515625
495,78.33529663085938,104350.8046875,81.05485534667969,110795.2265625
496,78.74423217773438,104342.2421875,80.73068237304688,110788.2109375
497,78.47258758544922,104334.203125,81.16691589355469,110777.7890625
498,78.85231018066406,104326.0,80.60594177246094,110771.625
499,78.62017059326172,104318.1328125,80.8340072631836,110761.6015625
